

-------- Grammar --------

rule 1 cals: DECLARE stmts
rule 2 stmts: 
rule 3 stmts: stmts calendar
rule 4 calendar: name description date
rule 5 name: WORD
rule 6 description: 
rule 7 description: STRING
rule 8 date: DATE6
rule 9 date: date DATE6

------- Symbols -------

**Nonterminals, with rules where they appear

  $start (6)
    on right: 
    on left : 
  cals (7)
    on right: 
    on left : 1
  stmts (8)
    on right: 1 3
    on left : 2 3
  calendar (9)
    on right: 3
    on left : 4
  name (10)
    on right: 4
    on left : 5
  description (11)
    on right: 4
    on left : 6 7
  date (12)
    on right: 4 9
    on left : 8 9

**Terminals, with rules where they appear

  $end (0) 
  error (1) 
  DATE6 (2) 8 9
  DECLARE (3) 1
  STRING (4) 7
  WORD (5) 5

--------- State ---------

state 0


  DECLARE       shift, and go to state 1

  cals          go to state 2

state 1

   1) cals : DECLARE _ stmts

  $default      reduce using rule 2 (stmts)

  stmts         go to state 3

state 2


  $end          shift, and go to state 4


state 3

   1) cals : DECLARE stmts _
   3) stmts : stmts _ calendar

  WORD          shift, and go to state 5
  $default      reduce using rule 1 (cals)

  calendar      go to state 6
  name          go to state 7

state 4


  $end          shift, and go to state 8


state 5

   5) name : WORD _

  $default      reduce using rule 5 (name)


state 6

   3) stmts : stmts calendar _

  $default      reduce using rule 3 (stmts)


state 7

   4) calendar : name _ description date

  STRING        shift, and go to state 10
  $default      reduce using rule 6 (description)

  description   go to state 9

state 8


  $default      accept


state 9

   4) calendar : name description _ date

  DATE6         shift, and go to state 12

  date          go to state 11

state 10

   7) description : STRING _

  $default      reduce using rule 7 (description)


state 11

   4) calendar : name description date _
   9) date : date _ DATE6

  DATE6         shift, and go to state 13
  $default      reduce using rule 4 (calendar)


state 12

   8) date : DATE6 _

  $default      reduce using rule 8 (date)


state 13

   9) date : date DATE6 _

  $default      reduce using rule 9 (date)

