

-------- Grammar --------

rule 1 jobs: DECLARE stmts
rule 2 stmts: 
rule 3 stmts: stmts job
rule 4 job: name jobdescs
rule 5 name: WORD
rule 6 name: WORD "#" WORD
rule 7 jobdescs: jobdesc
rule 8 jobdescs: jobdescs jobdesc
rule 9 jobdesc: SCRIPTNAME PATH
rule 10 jobdesc: SCRIPTNAME STRING
rule 11 jobdesc: DOCOMMAND STRING
rule 12 jobdesc: DOCOMMAND PATH
rule 13 jobdesc: STREAMLOGON WORD
rule 14 jobdesc: STREAMLOGON STRING
rule 15 jobdesc: DESCRIPTION STRING
rule 16 jobdesc: INTERACTIVE
rule 17 jobdesc: RCCONDSUCC STRING
rule 18 jobdesc: RECOVERY WORD rcvjobstmt rcvprmptstmt
rule 19 rcvjobstmt: 
rule 20 rcvjobstmt: AFTER WORD
rule 21 rcvjobstmt: AFTER WORD "#" WORD
rule 22 rcvprmptstmt: 
rule 23 rcvprmptstmt: ABENDPROMPT STRING

------- Symbols -------

**Nonterminals, with rules where they appear

  $start (16)
    on right: 
    on left : 
  jobs (17)
    on right: 
    on left : 1
  stmts (18)
    on right: 1 3
    on left : 2 3
  job (19)
    on right: 3
    on left : 4
  name (20)
    on right: 4
    on left : 5 6
  jobdescs (21)
    on right: 4 8
    on left : 7 8
  jobdesc (22)
    on right: 7 8
    on left : 9 10 11 12 13 14 15 16 17 18
  rcvjobstmt (23)
    on right: 18
    on left : 19 20 21
  rcvprmptstmt (24)
    on right: 18
    on left : 22 23

**Terminals, with rules where they appear

  $end (0) 
  error (1) 
  ABENDPROMPT (2) 23
  AFTER (3) 20 21
  DECLARE (4) 1
  DESCRIPTION (5) 15
  DOCOMMAND (6) 11 12
  INTERACTIVE (7) 16
  PATH (8) 9 12
  RCCONDSUCC (9) 17
  RECOVERY (10) 18
  SCRIPTNAME (11) 9 10
  STREAMLOGON (12) 13 14
  STRING (13) 10 11 14 15 17 23
  WORD (14) 5 6 13 18 20 21
  "#" (15) 6 21

--------- State ---------

state 0


  DECLARE       shift, and go to state 1

  jobs          go to state 2

state 1

   1) jobs : DECLARE _ stmts

  $default      reduce using rule 2 (stmts)

  stmts         go to state 3

state 2


  $end          shift, and go to state 4


state 3

   1) jobs : DECLARE stmts _
   3) stmts : stmts _ job

  WORD          shift, and go to state 5
  $default      reduce using rule 1 (jobs)

  job           go to state 6
  name          go to state 7

state 4


  $end          shift, and go to state 8


state 5

   5) name : WORD _
   6) name : WORD _ "#" WORD

  "#"           shift, and go to state 9
  $default      reduce using rule 5 (name)


state 6

   3) stmts : stmts job _

  $default      reduce using rule 3 (stmts)


state 7

   4) job : name _ jobdescs

  DESCRIPTION   shift, and go to state 13
  DOCOMMAND     shift, and go to state 14
  INTERACTIVE   shift, and go to state 15
  RCCONDSUCC    shift, and go to state 16
  RECOVERY      shift, and go to state 17
  SCRIPTNAME    shift, and go to state 10
  STREAMLOGON   shift, and go to state 12

  jobdesc       go to state 11
  jobdescs      go to state 18

state 8


  $default      accept


state 9

   6) name : WORD "#" _ WORD

  WORD          shift, and go to state 19


state 10

   9) jobdesc : SCRIPTNAME _ PATH
  10) jobdesc : SCRIPTNAME _ STRING

  PATH          shift, and go to state 21
  STRING        shift, and go to state 20


state 11

   7) jobdescs : jobdesc _

  $default      reduce using rule 7 (jobdescs)


state 12

  13) jobdesc : STREAMLOGON _ WORD
  14) jobdesc : STREAMLOGON _ STRING

  STRING        shift, and go to state 22
  WORD          shift, and go to state 23


state 13

  15) jobdesc : DESCRIPTION _ STRING

  STRING        shift, and go to state 24


state 14

  11) jobdesc : DOCOMMAND _ STRING
  12) jobdesc : DOCOMMAND _ PATH

  PATH          shift, and go to state 26
  STRING        shift, and go to state 25


state 15

  16) jobdesc : INTERACTIVE _

  $default      reduce using rule 16 (jobdesc)


state 16

  17) jobdesc : RCCONDSUCC _ STRING

  STRING        shift, and go to state 27


state 17

  18) jobdesc : RECOVERY _ WORD rcvjobstmt rcvprmptstmt

  WORD          shift, and go to state 28


state 18

   4) job : name jobdescs _
   8) jobdescs : jobdescs _ jobdesc

  DESCRIPTION   shift, and go to state 13
  DOCOMMAND     shift, and go to state 14
  INTERACTIVE   shift, and go to state 15
  RCCONDSUCC    shift, and go to state 16
  RECOVERY      shift, and go to state 17
  SCRIPTNAME    shift, and go to state 10
  STREAMLOGON   shift, and go to state 12
  $default      reduce using rule 4 (job)

  jobdesc       go to state 29

state 19

   6) name : WORD "#" WORD _

  $default      reduce using rule 6 (name)


state 20

  10) jobdesc : SCRIPTNAME STRING _

  $default      reduce using rule 10 (jobdesc)


state 21

   9) jobdesc : SCRIPTNAME PATH _

  $default      reduce using rule 9 (jobdesc)


state 22

  14) jobdesc : STREAMLOGON STRING _

  $default      reduce using rule 14 (jobdesc)


state 23

  13) jobdesc : STREAMLOGON WORD _

  $default      reduce using rule 13 (jobdesc)


state 24

  15) jobdesc : DESCRIPTION STRING _

  $default      reduce using rule 15 (jobdesc)


state 25

  11) jobdesc : DOCOMMAND STRING _

  $default      reduce using rule 11 (jobdesc)


state 26

  12) jobdesc : DOCOMMAND PATH _

  $default      reduce using rule 12 (jobdesc)


state 27

  17) jobdesc : RCCONDSUCC STRING _

  $default      reduce using rule 17 (jobdesc)


state 28

  18) jobdesc : RECOVERY WORD _ rcvjobstmt rcvprmptstmt

  AFTER         shift, and go to state 31
  $default      reduce using rule 19 (rcvjobstmt)

  rcvjobstmt    go to state 30

state 29

   8) jobdescs : jobdescs jobdesc _

  $default      reduce using rule 8 (jobdescs)


state 30

  18) jobdesc : RECOVERY WORD rcvjobstmt _ rcvprmptstmt

  ABENDPROMPT   shift, and go to state 32
  $default      reduce using rule 22 (rcvprmptstmt)

  rcvprmptstmt  go to state 33

state 31

  20) rcvjobstmt : AFTER _ WORD
  21) rcvjobstmt : AFTER _ WORD "#" WORD

  WORD          shift, and go to state 34


state 32

  23) rcvprmptstmt : ABENDPROMPT _ STRING

  STRING        shift, and go to state 35


state 33

  18) jobdesc : RECOVERY WORD rcvjobstmt rcvprmptstmt _

  $default      reduce using rule 18 (jobdesc)


state 34

  20) rcvjobstmt : AFTER WORD _
  21) rcvjobstmt : AFTER WORD _ "#" WORD

  "#"           shift, and go to state 36
  $default      reduce using rule 20 (rcvjobstmt)


state 35

  23) rcvprmptstmt : ABENDPROMPT STRING _

  $default      reduce using rule 23 (rcvprmptstmt)


state 36

  21) rcvjobstmt : AFTER WORD "#" _ WORD

  WORD          shift, and go to state 37


state 37

  21) rcvjobstmt : AFTER WORD "#" WORD _

  $default      reduce using rule 21 (rcvjobstmt)

