

-------- Grammar --------

rule 1 params: DECLARE stmts
rule 2 stmts: 
rule 3 stmts: stmts param
rule 4 param: name value
rule 5 name: WORD
rule 6 value: STRING

------- Symbols -------

**Nonterminals, with rules where they appear

  $start (5)
    on right: 
    on left : 
  params (6)
    on right: 
    on left : 1
  stmts (7)
    on right: 1 3
    on left : 2 3
  param (8)
    on right: 3
    on left : 4
  name (9)
    on right: 4
    on left : 5
  value (10)
    on right: 4
    on left : 6

**Terminals, with rules where they appear

  $end (0) 
  error (1) 
  DECLARE (2) 1
  WORD (3) 5
  STRING (4) 6

--------- State ---------

state 0


  DECLARE       shift, and go to state 1

  params        go to state 2

state 1

   1) params : DECLARE _ stmts

  $default      reduce using rule 2 (stmts)

  stmts         go to state 3

state 2


  $end          shift, and go to state 4


state 3

   1) params : DECLARE stmts _
   3) stmts : stmts _ param

  WORD          shift, and go to state 5
  $default      reduce using rule 1 (params)

  param         go to state 6
  name          go to state 7

state 4


  $end          shift, and go to state 8


state 5

   5) name : WORD _

  $default      reduce using rule 5 (name)


state 6

   3) stmts : stmts param _

  $default      reduce using rule 3 (stmts)


state 7

   4) param : name _ value

  STRING        shift, and go to state 9

  value         go to state 10

state 8


  $default      accept


state 9

   6) value : STRING _

  $default      reduce using rule 6 (value)


state 10

   4) param : name value _

  $default      reduce using rule 4 (param)

