

-------- Grammar --------

rule 1 resources: DECLARE stmts
rule 2 stmts: 
rule 3 stmts: stmts resource
rule 4 resource: wkstation "#" resourcename units description
rule 5 wkstation: WORD
rule 6 resourcename: WORD
rule 7 units: NUMBER
rule 8 description: 
rule 9 description: STRING

------- Symbols -------

**Nonterminals, with rules where they appear

  $start (7)
    on right: 
    on left : 
  resources (8)
    on right: 
    on left : 1
  stmts (9)
    on right: 1 3
    on left : 2 3
  resource (10)
    on right: 3
    on left : 4
  wkstation (11)
    on right: 4
    on left : 5
  resourcename (12)
    on right: 4
    on left : 6
  units (13)
    on right: 4
    on left : 7
  description (14)
    on right: 4
    on left : 8 9

**Terminals, with rules where they appear

  $end (0) 
  error (1) 
  DECLARE (2) 1
  WORD (3) 5 6
  NUMBER (4) 7
  STRING (5) 9
  "#" (6) 4

--------- State ---------

state 0


  DECLARE       shift, and go to state 1

  resources     go to state 2

state 1

   1) resources : DECLARE _ stmts

  $default      reduce using rule 2 (stmts)

  stmts         go to state 3

state 2


  $end          shift, and go to state 4


state 3

   1) resources : DECLARE stmts _
   3) stmts : stmts _ resource

  WORD          shift, and go to state 6
  $default      reduce using rule 1 (resources)

  wkstation     go to state 5
  resource      go to state 7

state 4


  $end          shift, and go to state 8


state 5

   4) resource : wkstation _ "#" resourcename units description

  "#"           shift, and go to state 9


state 6

   5) wkstation : WORD _

  $default      reduce using rule 5 (wkstation)


state 7

   3) stmts : stmts resource _

  $default      reduce using rule 3 (stmts)


state 8


  $default      accept


state 9

   4) resource : wkstation "#" _ resourcename units description

  WORD          shift, and go to state 11

  resourcename  go to state 10

state 10

   4) resource : wkstation "#" resourcename _ units description

  NUMBER        shift, and go to state 13

  units         go to state 12

state 11

   6) resourcename : WORD _

  $default      reduce using rule 6 (resourcename)


state 12

   4) resource : wkstation "#" resourcename units _ description

  STRING        shift, and go to state 15
  $default      reduce using rule 8 (description)

  description   go to state 14

state 13

   7) units : NUMBER _

  $default      reduce using rule 7 (units)


state 14

   4) resource : wkstation "#" resourcename units description _

  $default      reduce using rule 4 (resource)


state 15

   9) description : STRING _

  $default      reduce using rule 9 (description)

