

-------- Grammar --------

rule 1 schedules: schedule
rule 2 schedules: schedules schedule
rule 3 @1: 
rule 4 @2: 
rule 5 schedule: linecomments SCHEDULE @1 streamstmt ":" @2 jobstmts ENDSTMT
rule 6 linecomments: 
rule 7 linecomments: linecomments LINECOMMENT
rule 8 streamstmt: streamname streamattrs
rule 9 streamname: WORD
rule 10 streamname: WORD "#" WORD
rule 11 streamattrs: streamattr
rule 12 streamattrs: streamattrs streamattr
rule 13 streamattr: FREEDAYS WORD freedaysopts
rule 14 streamattr: ON dates fdrule
rule 15 streamattr: DEADLINE times
rule 16 streamattr: EXCEPT dates fdrule
rule 17 streamattr: AT times
rule 18 streamattr: CARRYFORWARD
rule 19 streamattr: FOLLOWS follows
rule 20 streamattr: KEYSCHED
rule 21 streamattr: LIMIT NUMBER
rule 22 streamattr: NEEDS resources
rule 23 streamattr: OPENS files
rule 24 streamattr: PRIORITY porder
rule 25 streamattr: PROMPT prompts
rule 26 streamattr: UNTIL times
rule 27 streamattr: ONUNTIL WORD
rule 28 freedaysopts: 
rule 29 freedaysopts: "-" WORD
rule 30 freedaysopts: "-" WORD "-" WORD
rule 31 dates: date
rule 32 dates: dates "," date
rule 33 date: DATE6
rule 34 date: WEEKDAYS
rule 35 date: WORKDAYS
rule 36 date: FREEDAYS
rule 37 date: WORD offset
rule 38 date: REQUEST
rule 39 offset: 
rule 40 offset: "+" NUMBER DAYS
rule 41 offset: "+" NUMBER WEEKDAYS
rule 42 offset: "+" NUMBER WORKDAYS
rule 43 offset: "-" NUMBER DAYS
rule 44 offset: "-" NUMBER WEEKDAYS
rule 45 offset: "-" NUMBER WORKDAYS
rule 46 fdrule: 
rule 47 fdrule: FDIGNORE
rule 48 fdrule: FDNEXT
rule 49 fdrule: FDPREV
rule 50 times: time
rule 51 times: times "," time
rule 52 time: WORD timezone offset
rule 53 time: NUMBER timezone offset
rule 54 timezone: 
rule 55 timezone: TIMEZONE WORD
rule 56 follows: follow
rule 57 follows: follows "," follow
rule 58 follow: WORD
rule 59 follow: WORD "." WORD
rule 60 follow: WORD "." "@"
rule 61 follow: WORD "#" WORD
rule 62 follow: WORD "#" WORD "." WORD
rule 63 follow: WORD "#" WORD "." "@"
rule 64 follow: WORD "::" WORD "#" WORD
rule 65 follow: WORD "::" WORD "#" WORD "." WORD
rule 66 follow: WORD "::" WORD "#" WORD "." "@"
rule 67 resources: resource
rule 68 resources: resources "," resource
rule 69 resource: WORD
rule 70 resource: WORD "#" WORD
rule 71 resource: NUMBER WORD
rule 72 resource: NUMBER WORD "#" WORD
rule 73 files: file
rule 74 files: files "," file
rule 75 file: PATH
rule 76 file: STRING
rule 77 file: PATH PHARENBLOCK
rule 78 file: STRING PHARENBLOCK
rule 79 file: WORD "#" PATH
rule 80 file: WORD "#" STRING
rule 81 file: WORD "#" PATH PHARENBLOCK
rule 82 file: WORD "#" STRING PHARENBLOCK
rule 83 porder: NUMBER
rule 84 porder: HI
rule 85 porder: GO
rule 86 prompts: prompt
rule 87 prompts: prompts "," prompt
rule 88 prompt: WORD
rule 89 prompt: STRING
rule 90 jobstmts: 
rule 91 jobstmts: jobstmts jobstmt
rule 92 jobstmt: jobname jobdescs jobattrs
rule 93 jobname: WORD
rule 94 jobname: WORD "#" WORD
rule 95 jobdescs: 
rule 96 jobdescs: jobdescs jobdesc
rule 97 jobdesc: SCRIPTNAME PATH
rule 98 jobdesc: SCRIPTNAME STRING
rule 99 jobdesc: DOCOMMAND STRING
rule 100 jobdesc: DOCOMMAND PATH
rule 101 jobdesc: STREAMLOGON WORD
rule 102 jobdesc: STREAMLOGON STRING
rule 103 jobdesc: DESCRIPTION STRING
rule 104 jobdesc: INTERACTIVE
rule 105 jobdesc: RCCONDSUCC STRING
rule 106 jobdesc: RECOVERY WORD rcvjobstmt rcvprmptstmt
rule 107 rcvjobstmt: 
rule 108 rcvjobstmt: AFTER WORD
rule 109 rcvjobstmt: AFTER WORD "#" WORD
rule 110 rcvprmptstmt: 
rule 111 rcvprmptstmt: ABENDPROMPT STRING
rule 112 jobattrs: 
rule 113 jobattrs: jobattrs jobattr
rule 114 jobattr: AT times
rule 115 jobattr: CONFIRMED
rule 116 jobattr: DEADLINE times
rule 117 jobattr: EVERY WORD
rule 118 jobattr: EVERY NUMBER
rule 119 jobattr: FOLLOWS follows
rule 120 jobattr: KEYJOB
rule 121 jobattr: NEEDS resources
rule 122 jobattr: OPENS files
rule 123 jobattr: PRIORITY porder
rule 124 jobattr: PROMPT prompts
rule 125 jobattr: UNTIL times
rule 126 jobattr: ONUNTIL WORD

------- Symbols -------

**Nonterminals, with rules where they appear

  $start (56)
    on right: 
    on left : 
  schedules (57)
    on right: 2
    on left : 1 2
  schedule (58)
    on right: 1 2
    on left : 5
  linecomments (59)
    on right: 5 7
    on left : 6 7
  streamstmt (60)
    on right: 5
    on left : 8
  jobstmts (61)
    on right: 5 91
    on left : 90 91
  @1 (62)
    on right: 5
    on left : 3
  @2 (63)
    on right: 5
    on left : 4
  streamname (64)
    on right: 8
    on left : 9 10
  streamattrs (65)
    on right: 8 12
    on left : 11 12
  streamattr (66)
    on right: 11 12
    on left : 13 14 15 16 17 18 19 20 21 22 23 24 25 26 27
  freedaysopts (67)
    on right: 13
    on left : 28 29 30
  dates (68)
    on right: 14 16 32
    on left : 31 32
  fdrule (69)
    on right: 14 16
    on left : 46 47 48 49
  times (70)
    on right: 15 17 26 51 114 116 125
    on left : 50 51
  follows (71)
    on right: 19 57 119
    on left : 56 57
  resources (72)
    on right: 22 68 121
    on left : 67 68
  files (73)
    on right: 23 74 122
    on left : 73 74
  porder (74)
    on right: 24 123
    on left : 83 84 85
  prompts (75)
    on right: 25 87 124
    on left : 86 87
  date (76)
    on right: 31 32
    on left : 33 34 35 36 37 38
  offset (77)
    on right: 37 52 53
    on left : 39 40 41 42 43 44 45
  time (78)
    on right: 50 51
    on left : 52 53
  timezone (79)
    on right: 52 53
    on left : 54 55
  follow (80)
    on right: 56 57
    on left : 58 59 60 61 62 63 64 65 66
  resource (81)
    on right: 67 68
    on left : 69 70 71 72
  file (82)
    on right: 73 74
    on left : 75 76 77 78 79 80 81 82
  prompt (83)
    on right: 86 87
    on left : 88 89
  jobstmt (84)
    on right: 91
    on left : 92
  jobname (85)
    on right: 92
    on left : 93 94
  jobdescs (86)
    on right: 92 96
    on left : 95 96
  jobattrs (87)
    on right: 92 113
    on left : 112 113
  jobdesc (88)
    on right: 96
    on left : 97 98 99 100 101 102 103 104 105 106
  rcvjobstmt (89)
    on right: 106
    on left : 107 108 109
  rcvprmptstmt (90)
    on right: 106
    on left : 110 111
  jobattr (91)
    on right: 113
    on left : 114 115 116 117 118 119 120 121 122 123 124 125 126

**Terminals, with rules where they appear

  $end (0) 
  error (1) 
  ABENDPROMPT (2) 111
  AFTER (3) 108 109
  AT (4) 17 114
  CARRYFORWARD (5) 18
  CONFIRMED (6) 115
  DATE6 (7) 33
  DAYS (8) 40 43
  DEADLINE (9) 15 116
  DESCRIPTION (10) 103
  DOCOMMAND (11) 99 100
  ENDSTMT (12) 5
  EVERY (13) 117 118
  EXCEPT (14) 16
  FDIGNORE (15) 47
  FDNEXT (16) 48
  FDPREV (17) 49
  FOLLOWS (18) 19 119
  FREEDAYS (19) 13 36
  GO (20) 85
  HI (21) 84
  INTERACTIVE (22) 104
  KEYJOB (23) 120
  KEYSCHED (24) 20
  LIMIT (25) 21
  LINECOMMENT (26) 7
  NEEDS (27) 22 121
  NUMBER (28) 21 40 41 42 43 44 45 53 71 72 83 118
  ON (29) 14
  ONUNTIL (30) 27 126
  OPENS (31) 23 122
  PATH (32) 75 77 79 81 97 100
  PHARENBLOCK (33) 77 78 81 82
  PRIORITY (34) 24 123
  PROMPT (35) 25 124
  RCCONDSUCC (36) 105
  RECOVERY (37) 106
  REQUEST (38) 38
  SCHEDULE (39) 5
  SCRIPTNAME (40) 97 98
  STREAMLOGON (41) 101 102
  STRING (42) 76 78 80 82 89 98 99 102 103 105 111
  TIMEZONE (43) 55
  UNTIL (44) 26 125
  WEEKDAYS (45) 34 41 44
  WORD (46) 9 10 13 27 29 30 37 52 55 58 59 60 61 62 63 64 65 66 69 70 71 72 79 80 81 82 88 93 94 101 106 108 109 117 126
  WORKDAYS (47) 35 42 45
  ":" (48) 5
  "#" (49) 10 61 62 63 64 65 66 70 72 79 80 81 82 94 109
  "-" (50) 29 30 43 44 45
  "," (51) 32 51 57 68 74 87
  "+" (52) 40 41 42
  "." (53) 59 60 62 63 65 66
  "@" (54) 60 63 66
  "::" (55) 64 65 66

--------- State ---------

state 0


  $default      reduce using rule 6 (linecomments)

  schedules     go to state 1
  schedule      go to state 2
  linecomments  go to state 3

state 1

   2) schedules : schedules _ schedule

  $end          shift, and go to state 4
  $default      reduce using rule 6 (linecomments)

  schedule      go to state 5
  linecomments  go to state 3

state 2

   1) schedules : schedule _

  $default      reduce using rule 1 (schedules)


state 3

   5) schedule : linecomments _ SCHEDULE @1 streamstmt ":" @2 jobstmts ENDSTMT
   7) linecomments : linecomments _ LINECOMMENT

  LINECOMMENT   shift, and go to state 6
  SCHEDULE      shift, and go to state 7


state 4


  $end          shift, and go to state 8


state 5

   2) schedules : schedules schedule _

  $default      reduce using rule 2 (schedules)


state 6

   7) linecomments : linecomments LINECOMMENT _

  $default      reduce using rule 7 (linecomments)


state 7

   5) schedule : linecomments SCHEDULE _ @1 streamstmt ":" @2 jobstmts ENDSTMT

  $default      reduce using rule 3 (@1)

  @1            go to state 9

state 8


  $default      accept


state 9

   5) schedule : linecomments SCHEDULE @1 _ streamstmt ":" @2 jobstmts ENDSTMT

  WORD          shift, and go to state 10

  streamstmt    go to state 11
  streamname    go to state 12

state 10

   9) streamname : WORD _
  10) streamname : WORD _ "#" WORD

  "#"           shift, and go to state 13
  $default      reduce using rule 9 (streamname)


state 11

   5) schedule : linecomments SCHEDULE @1 streamstmt _ ":" @2 jobstmts ENDSTMT

  ":"           shift, and go to state 14


state 12

   8) streamstmt : streamname _ streamattrs

  AT            shift, and go to state 22
  CARRYFORWARD  shift, and go to state 24
  DEADLINE      shift, and go to state 30
  EXCEPT        shift, and go to state 21
  FOLLOWS       shift, and go to state 25
  FREEDAYS      shift, and go to state 28
  KEYSCHED      shift, and go to state 19
  LIMIT         shift, and go to state 20
  NEEDS         shift, and go to state 23
  ON            shift, and go to state 26
  ONUNTIL       shift, and go to state 27
  OPENS         shift, and go to state 29
  PRIORITY      shift, and go to state 17
  PROMPT        shift, and go to state 18
  UNTIL         shift, and go to state 15

  streamattr    go to state 16
  streamattrs   go to state 31

state 13

  10) streamname : WORD "#" _ WORD

  WORD          shift, and go to state 32


state 14

   5) schedule : linecomments SCHEDULE @1 streamstmt ":" _ @2 jobstmts ENDSTMT

  $default      reduce using rule 4 (@2)

  @2            go to state 33

state 15

  26) streamattr : UNTIL _ times

  NUMBER        shift, and go to state 37
  WORD          shift, and go to state 35

  time          go to state 34
  times         go to state 36

state 16

  11) streamattrs : streamattr _

  $default      reduce using rule 11 (streamattrs)


state 17

  24) streamattr : PRIORITY _ porder

  GO            shift, and go to state 40
  HI            shift, and go to state 41
  NUMBER        shift, and go to state 38

  porder        go to state 39

state 18

  25) streamattr : PROMPT _ prompts

  STRING        shift, and go to state 44
  WORD          shift, and go to state 42

  prompt        go to state 43
  prompts       go to state 45

state 19

  20) streamattr : KEYSCHED _

  $default      reduce using rule 20 (streamattr)


state 20

  21) streamattr : LIMIT _ NUMBER

  NUMBER        shift, and go to state 46


state 21

  16) streamattr : EXCEPT _ dates fdrule

  DATE6         shift, and go to state 52
  FREEDAYS      shift, and go to state 53
  REQUEST       shift, and go to state 51
  WEEKDAYS      shift, and go to state 47
  WORD          shift, and go to state 48
  WORKDAYS      shift, and go to state 50

  dates         go to state 49
  date          go to state 54

state 22

  17) streamattr : AT _ times

  NUMBER        shift, and go to state 37
  WORD          shift, and go to state 35

  time          go to state 34
  times         go to state 55

state 23

  22) streamattr : NEEDS _ resources

  NUMBER        shift, and go to state 58
  WORD          shift, and go to state 56

  resource      go to state 57
  resources     go to state 59

state 24

  18) streamattr : CARRYFORWARD _

  $default      reduce using rule 18 (streamattr)


state 25

  19) streamattr : FOLLOWS _ follows

  WORD          shift, and go to state 60

  follow        go to state 61
  follows       go to state 62

state 26

  14) streamattr : ON _ dates fdrule

  DATE6         shift, and go to state 52
  FREEDAYS      shift, and go to state 53
  REQUEST       shift, and go to state 51
  WEEKDAYS      shift, and go to state 47
  WORD          shift, and go to state 48
  WORKDAYS      shift, and go to state 50

  dates         go to state 63
  date          go to state 54

state 27

  27) streamattr : ONUNTIL _ WORD

  WORD          shift, and go to state 64


state 28

  13) streamattr : FREEDAYS _ WORD freedaysopts

  WORD          shift, and go to state 65


state 29

  23) streamattr : OPENS _ files

  PATH          shift, and go to state 70
  STRING        shift, and go to state 69
  WORD          shift, and go to state 66

  file          go to state 67
  files         go to state 68

state 30

  15) streamattr : DEADLINE _ times

  NUMBER        shift, and go to state 37
  WORD          shift, and go to state 35

  time          go to state 34
  times         go to state 71

state 31

   8) streamstmt : streamname streamattrs _
  12) streamattrs : streamattrs _ streamattr

  AT            shift, and go to state 22
  CARRYFORWARD  shift, and go to state 24
  DEADLINE      shift, and go to state 30
  EXCEPT        shift, and go to state 21
  FOLLOWS       shift, and go to state 25
  FREEDAYS      shift, and go to state 28
  KEYSCHED      shift, and go to state 19
  LIMIT         shift, and go to state 20
  NEEDS         shift, and go to state 23
  ON            shift, and go to state 26
  ONUNTIL       shift, and go to state 27
  OPENS         shift, and go to state 29
  PRIORITY      shift, and go to state 17
  PROMPT        shift, and go to state 18
  UNTIL         shift, and go to state 15
  $default      reduce using rule 8 (streamstmt)

  streamattr    go to state 72

state 32

  10) streamname : WORD "#" WORD _

  $default      reduce using rule 10 (streamname)


state 33

   5) schedule : linecomments SCHEDULE @1 streamstmt ":" @2 _ jobstmts ENDSTMT

  $default      reduce using rule 90 (jobstmts)

  jobstmts      go to state 73

state 34

  50) times : time _

  $default      reduce using rule 50 (times)


state 35

  52) time : WORD _ timezone offset

  TIMEZONE      shift, and go to state 75
  $default      reduce using rule 54 (timezone)

  timezone      go to state 74

state 36

  26) streamattr : UNTIL times _
  51) times : times _ "," time

  ","           shift, and go to state 76
  $default      reduce using rule 26 (streamattr)


state 37

  53) time : NUMBER _ timezone offset

  TIMEZONE      shift, and go to state 75
  $default      reduce using rule 54 (timezone)

  timezone      go to state 77

state 38

  83) porder : NUMBER _

  $default      reduce using rule 83 (porder)


state 39

  24) streamattr : PRIORITY porder _

  $default      reduce using rule 24 (streamattr)


state 40

  85) porder : GO _

  $default      reduce using rule 85 (porder)


state 41

  84) porder : HI _

  $default      reduce using rule 84 (porder)


state 42

  88) prompt : WORD _

  $default      reduce using rule 88 (prompt)


state 43

  86) prompts : prompt _

  $default      reduce using rule 86 (prompts)


state 44

  89) prompt : STRING _

  $default      reduce using rule 89 (prompt)


state 45

  25) streamattr : PROMPT prompts _
  87) prompts : prompts _ "," prompt

  ","           shift, and go to state 78
  $default      reduce using rule 25 (streamattr)


state 46

  21) streamattr : LIMIT NUMBER _

  $default      reduce using rule 21 (streamattr)


state 47

  34) date : WEEKDAYS _

  $default      reduce using rule 34 (date)


state 48

  37) date : WORD _ offset

  "-"           shift, and go to state 80
  "+"           shift, and go to state 81
  $default      reduce using rule 39 (offset)

  offset        go to state 79

state 49

  16) streamattr : EXCEPT dates _ fdrule
  32) dates : dates _ "," date

  FDIGNORE      shift, and go to state 83
  FDNEXT        shift, and go to state 84
  FDPREV        shift, and go to state 85
  ","           shift, and go to state 86
  $default      reduce using rule 46 (fdrule)

  fdrule        go to state 82

state 50

  35) date : WORKDAYS _

  $default      reduce using rule 35 (date)


state 51

  38) date : REQUEST _

  $default      reduce using rule 38 (date)


state 52

  33) date : DATE6 _

  $default      reduce using rule 33 (date)


state 53

  36) date : FREEDAYS _

  $default      reduce using rule 36 (date)


state 54

  31) dates : date _

  $default      reduce using rule 31 (dates)


state 55

  17) streamattr : AT times _
  51) times : times _ "," time

  ","           shift, and go to state 76
  $default      reduce using rule 17 (streamattr)


state 56

  69) resource : WORD _
  70) resource : WORD _ "#" WORD

  "#"           shift, and go to state 87
  $default      reduce using rule 69 (resource)


state 57

  67) resources : resource _

  $default      reduce using rule 67 (resources)


state 58

  71) resource : NUMBER _ WORD
  72) resource : NUMBER _ WORD "#" WORD

  WORD          shift, and go to state 88


state 59

  22) streamattr : NEEDS resources _
  68) resources : resources _ "," resource

  ","           shift, and go to state 89
  $default      reduce using rule 22 (streamattr)


state 60

  58) follow : WORD _
  59) follow : WORD _ "." WORD
  60) follow : WORD _ "." "@"
  61) follow : WORD _ "#" WORD
  62) follow : WORD _ "#" WORD "." WORD
  63) follow : WORD _ "#" WORD "." "@"
  64) follow : WORD _ "::" WORD "#" WORD
  65) follow : WORD _ "::" WORD "#" WORD "." WORD
  66) follow : WORD _ "::" WORD "#" WORD "." "@"

  "#"           shift, and go to state 91
  "."           shift, and go to state 92
  "::"          shift, and go to state 90
  $default      reduce using rule 58 (follow)


state 61

  56) follows : follow _

  $default      reduce using rule 56 (follows)


state 62

  19) streamattr : FOLLOWS follows _
  57) follows : follows _ "," follow

  ","           shift, and go to state 93
  $default      reduce using rule 19 (streamattr)


state 63

  14) streamattr : ON dates _ fdrule
  32) dates : dates _ "," date

  FDIGNORE      shift, and go to state 83
  FDNEXT        shift, and go to state 84
  FDPREV        shift, and go to state 85
  ","           shift, and go to state 86
  $default      reduce using rule 46 (fdrule)

  fdrule        go to state 94

state 64

  27) streamattr : ONUNTIL WORD _

  $default      reduce using rule 27 (streamattr)


state 65

  13) streamattr : FREEDAYS WORD _ freedaysopts

  "-"           shift, and go to state 96
  $default      reduce using rule 28 (freedaysopts)

  freedaysopts  go to state 95

state 66

  79) file : WORD _ "#" PATH
  80) file : WORD _ "#" STRING
  81) file : WORD _ "#" PATH PHARENBLOCK
  82) file : WORD _ "#" STRING PHARENBLOCK

  "#"           shift, and go to state 97


state 67

  73) files : file _

  $default      reduce using rule 73 (files)


state 68

  23) streamattr : OPENS files _
  74) files : files _ "," file

  ","           shift, and go to state 98
  $default      reduce using rule 23 (streamattr)


state 69

  76) file : STRING _
  78) file : STRING _ PHARENBLOCK

  PHARENBLOCK   shift, and go to state 99
  $default      reduce using rule 76 (file)


state 70

  75) file : PATH _
  77) file : PATH _ PHARENBLOCK

  PHARENBLOCK   shift, and go to state 100
  $default      reduce using rule 75 (file)


state 71

  15) streamattr : DEADLINE times _
  51) times : times _ "," time

  ","           shift, and go to state 76
  $default      reduce using rule 15 (streamattr)


state 72

  12) streamattrs : streamattrs streamattr _

  $default      reduce using rule 12 (streamattrs)


state 73

   5) schedule : linecomments SCHEDULE @1 streamstmt ":" @2 jobstmts _ ENDSTMT
  91) jobstmts : jobstmts _ jobstmt

  ENDSTMT       shift, and go to state 101
  WORD          shift, and go to state 102

  jobstmt       go to state 103
  jobname       go to state 104

state 74

  52) time : WORD timezone _ offset

  "-"           shift, and go to state 80
  "+"           shift, and go to state 81
  $default      reduce using rule 39 (offset)

  offset        go to state 105

state 75

  55) timezone : TIMEZONE _ WORD

  WORD          shift, and go to state 106


state 76

  51) times : times "," _ time

  NUMBER        shift, and go to state 37
  WORD          shift, and go to state 35

  time          go to state 107

state 77

  53) time : NUMBER timezone _ offset

  "-"           shift, and go to state 80
  "+"           shift, and go to state 81
  $default      reduce using rule 39 (offset)

  offset        go to state 108

state 78

  87) prompts : prompts "," _ prompt

  STRING        shift, and go to state 44
  WORD          shift, and go to state 42

  prompt        go to state 109

state 79

  37) date : WORD offset _

  $default      reduce using rule 37 (date)


state 80

  43) offset : "-" _ NUMBER DAYS
  44) offset : "-" _ NUMBER WEEKDAYS
  45) offset : "-" _ NUMBER WORKDAYS

  NUMBER        shift, and go to state 110


state 81

  40) offset : "+" _ NUMBER DAYS
  41) offset : "+" _ NUMBER WEEKDAYS
  42) offset : "+" _ NUMBER WORKDAYS

  NUMBER        shift, and go to state 111


state 82

  16) streamattr : EXCEPT dates fdrule _

  $default      reduce using rule 16 (streamattr)


state 83

  47) fdrule : FDIGNORE _

  $default      reduce using rule 47 (fdrule)


state 84

  48) fdrule : FDNEXT _

  $default      reduce using rule 48 (fdrule)


state 85

  49) fdrule : FDPREV _

  $default      reduce using rule 49 (fdrule)


state 86

  32) dates : dates "," _ date

  DATE6         shift, and go to state 52
  FREEDAYS      shift, and go to state 53
  REQUEST       shift, and go to state 51
  WEEKDAYS      shift, and go to state 47
  WORD          shift, and go to state 48
  WORKDAYS      shift, and go to state 50

  date          go to state 112

state 87

  70) resource : WORD "#" _ WORD

  WORD          shift, and go to state 113


state 88

  71) resource : NUMBER WORD _
  72) resource : NUMBER WORD _ "#" WORD

  "#"           shift, and go to state 114
  $default      reduce using rule 71 (resource)


state 89

  68) resources : resources "," _ resource

  NUMBER        shift, and go to state 58
  WORD          shift, and go to state 56

  resource      go to state 115

state 90

  64) follow : WORD "::" _ WORD "#" WORD
  65) follow : WORD "::" _ WORD "#" WORD "." WORD
  66) follow : WORD "::" _ WORD "#" WORD "." "@"

  WORD          shift, and go to state 116


state 91

  61) follow : WORD "#" _ WORD
  62) follow : WORD "#" _ WORD "." WORD
  63) follow : WORD "#" _ WORD "." "@"

  WORD          shift, and go to state 117


state 92

  59) follow : WORD "." _ WORD
  60) follow : WORD "." _ "@"

  WORD          shift, and go to state 118
  "@"           shift, and go to state 119


state 93

  57) follows : follows "," _ follow

  WORD          shift, and go to state 60

  follow        go to state 120

state 94

  14) streamattr : ON dates fdrule _

  $default      reduce using rule 14 (streamattr)


state 95

  13) streamattr : FREEDAYS WORD freedaysopts _

  $default      reduce using rule 13 (streamattr)


state 96

  29) freedaysopts : "-" _ WORD
  30) freedaysopts : "-" _ WORD "-" WORD

  WORD          shift, and go to state 121


state 97

  79) file : WORD "#" _ PATH
  80) file : WORD "#" _ STRING
  81) file : WORD "#" _ PATH PHARENBLOCK
  82) file : WORD "#" _ STRING PHARENBLOCK

  PATH          shift, and go to state 123
  STRING        shift, and go to state 122


state 98

  74) files : files "," _ file

  PATH          shift, and go to state 70
  STRING        shift, and go to state 69
  WORD          shift, and go to state 66

  file          go to state 124

state 99

  78) file : STRING PHARENBLOCK _

  $default      reduce using rule 78 (file)


state 100

  77) file : PATH PHARENBLOCK _

  $default      reduce using rule 77 (file)


state 101

   5) schedule : linecomments SCHEDULE @1 streamstmt ":" @2 jobstmts ENDSTMT _

  $default      reduce using rule 5 (schedule)


state 102

  93) jobname : WORD _
  94) jobname : WORD _ "#" WORD

  "#"           shift, and go to state 125
  $default      reduce using rule 93 (jobname)


state 103

  91) jobstmts : jobstmts jobstmt _

  $default      reduce using rule 91 (jobstmts)


state 104

  92) jobstmt : jobname _ jobdescs jobattrs

  $default      reduce using rule 95 (jobdescs)

  jobdescs      go to state 126

state 105

  52) time : WORD timezone offset _

  $default      reduce using rule 52 (time)


state 106

  55) timezone : TIMEZONE WORD _

  $default      reduce using rule 55 (timezone)


state 107

  51) times : times "," time _

  $default      reduce using rule 51 (times)


state 108

  53) time : NUMBER timezone offset _

  $default      reduce using rule 53 (time)


state 109

  87) prompts : prompts "," prompt _

  $default      reduce using rule 87 (prompts)


state 110

  43) offset : "-" NUMBER _ DAYS
  44) offset : "-" NUMBER _ WEEKDAYS
  45) offset : "-" NUMBER _ WORKDAYS

  DAYS          shift, and go to state 129
  WEEKDAYS      shift, and go to state 127
  WORKDAYS      shift, and go to state 128


state 111

  40) offset : "+" NUMBER _ DAYS
  41) offset : "+" NUMBER _ WEEKDAYS
  42) offset : "+" NUMBER _ WORKDAYS

  DAYS          shift, and go to state 132
  WEEKDAYS      shift, and go to state 130
  WORKDAYS      shift, and go to state 131


state 112

  32) dates : dates "," date _

  $default      reduce using rule 32 (dates)


state 113

  70) resource : WORD "#" WORD _

  $default      reduce using rule 70 (resource)


state 114

  72) resource : NUMBER WORD "#" _ WORD

  WORD          shift, and go to state 133


state 115

  68) resources : resources "," resource _

  $default      reduce using rule 68 (resources)


state 116

  64) follow : WORD "::" WORD _ "#" WORD
  65) follow : WORD "::" WORD _ "#" WORD "." WORD
  66) follow : WORD "::" WORD _ "#" WORD "." "@"

  "#"           shift, and go to state 134


state 117

  61) follow : WORD "#" WORD _
  62) follow : WORD "#" WORD _ "." WORD
  63) follow : WORD "#" WORD _ "." "@"

  "."           shift, and go to state 135
  $default      reduce using rule 61 (follow)


state 118

  59) follow : WORD "." WORD _

  $default      reduce using rule 59 (follow)


state 119

  60) follow : WORD "." "@" _

  $default      reduce using rule 60 (follow)


state 120

  57) follows : follows "," follow _

  $default      reduce using rule 57 (follows)


state 121

  29) freedaysopts : "-" WORD _
  30) freedaysopts : "-" WORD _ "-" WORD

  "-"           shift, and go to state 136
  $default      reduce using rule 29 (freedaysopts)


state 122

  80) file : WORD "#" STRING _
  82) file : WORD "#" STRING _ PHARENBLOCK

  PHARENBLOCK   shift, and go to state 137
  $default      reduce using rule 80 (file)


state 123

  79) file : WORD "#" PATH _
  81) file : WORD "#" PATH _ PHARENBLOCK

  PHARENBLOCK   shift, and go to state 138
  $default      reduce using rule 79 (file)


state 124

  74) files : files "," file _

  $default      reduce using rule 74 (files)


state 125

  94) jobname : WORD "#" _ WORD

  WORD          shift, and go to state 139


state 126

  92) jobstmt : jobname jobdescs _ jobattrs
  96) jobdescs : jobdescs _ jobdesc

  DESCRIPTION   shift, and go to state 147
  DOCOMMAND     shift, and go to state 141
  INTERACTIVE   shift, and go to state 140
  RCCONDSUCC    shift, and go to state 143
  RECOVERY      shift, and go to state 144
  SCRIPTNAME    shift, and go to state 145
  STREAMLOGON   shift, and go to state 146
  $default      reduce using rule 112 (jobattrs)

  jobdesc       go to state 142
  jobattrs      go to state 148

state 127

  44) offset : "-" NUMBER WEEKDAYS _

  $default      reduce using rule 44 (offset)


state 128

  45) offset : "-" NUMBER WORKDAYS _

  $default      reduce using rule 45 (offset)


state 129

  43) offset : "-" NUMBER DAYS _

  $default      reduce using rule 43 (offset)


state 130

  41) offset : "+" NUMBER WEEKDAYS _

  $default      reduce using rule 41 (offset)


state 131

  42) offset : "+" NUMBER WORKDAYS _

  $default      reduce using rule 42 (offset)


state 132

  40) offset : "+" NUMBER DAYS _

  $default      reduce using rule 40 (offset)


state 133

  72) resource : NUMBER WORD "#" WORD _

  $default      reduce using rule 72 (resource)


state 134

  64) follow : WORD "::" WORD "#" _ WORD
  65) follow : WORD "::" WORD "#" _ WORD "." WORD
  66) follow : WORD "::" WORD "#" _ WORD "." "@"

  WORD          shift, and go to state 149


state 135

  62) follow : WORD "#" WORD "." _ WORD
  63) follow : WORD "#" WORD "." _ "@"

  WORD          shift, and go to state 150
  "@"           shift, and go to state 151


state 136

  30) freedaysopts : "-" WORD "-" _ WORD

  WORD          shift, and go to state 152


state 137

  82) file : WORD "#" STRING PHARENBLOCK _

  $default      reduce using rule 82 (file)


state 138

  81) file : WORD "#" PATH PHARENBLOCK _

  $default      reduce using rule 81 (file)


state 139

  94) jobname : WORD "#" WORD _

  $default      reduce using rule 94 (jobname)


state 140

 104) jobdesc : INTERACTIVE _

  $default      reduce using rule 104 (jobdesc)


state 141

  99) jobdesc : DOCOMMAND _ STRING
 100) jobdesc : DOCOMMAND _ PATH

  PATH          shift, and go to state 154
  STRING        shift, and go to state 153


state 142

  96) jobdescs : jobdescs jobdesc _

  $default      reduce using rule 96 (jobdescs)


state 143

 105) jobdesc : RCCONDSUCC _ STRING

  STRING        shift, and go to state 155


state 144

 106) jobdesc : RECOVERY _ WORD rcvjobstmt rcvprmptstmt

  WORD          shift, and go to state 156


state 145

  97) jobdesc : SCRIPTNAME _ PATH
  98) jobdesc : SCRIPTNAME _ STRING

  PATH          shift, and go to state 158
  STRING        shift, and go to state 157


state 146

 101) jobdesc : STREAMLOGON _ WORD
 102) jobdesc : STREAMLOGON _ STRING

  STRING        shift, and go to state 160
  WORD          shift, and go to state 159


state 147

 103) jobdesc : DESCRIPTION _ STRING

  STRING        shift, and go to state 161


state 148

  92) jobstmt : jobname jobdescs jobattrs _
 113) jobattrs : jobattrs _ jobattr

  AT            shift, and go to state 168
  CONFIRMED     shift, and go to state 170
  DEADLINE      shift, and go to state 174
  EVERY         shift, and go to state 166
  FOLLOWS       shift, and go to state 171
  KEYJOB        shift, and go to state 164
  NEEDS         shift, and go to state 169
  ONUNTIL       shift, and go to state 172
  OPENS         shift, and go to state 173
  PRIORITY      shift, and go to state 163
  PROMPT        shift, and go to state 165
  UNTIL         shift, and go to state 162
  $default      reduce using rule 92 (jobstmt)

  jobattr       go to state 167

state 149

  64) follow : WORD "::" WORD "#" WORD _
  65) follow : WORD "::" WORD "#" WORD _ "." WORD
  66) follow : WORD "::" WORD "#" WORD _ "." "@"

  "."           shift, and go to state 175
  $default      reduce using rule 64 (follow)


state 150

  62) follow : WORD "#" WORD "." WORD _

  $default      reduce using rule 62 (follow)


state 151

  63) follow : WORD "#" WORD "." "@" _

  $default      reduce using rule 63 (follow)


state 152

  30) freedaysopts : "-" WORD "-" WORD _

  $default      reduce using rule 30 (freedaysopts)


state 153

  99) jobdesc : DOCOMMAND STRING _

  $default      reduce using rule 99 (jobdesc)


state 154

 100) jobdesc : DOCOMMAND PATH _

  $default      reduce using rule 100 (jobdesc)


state 155

 105) jobdesc : RCCONDSUCC STRING _

  $default      reduce using rule 105 (jobdesc)


state 156

 106) jobdesc : RECOVERY WORD _ rcvjobstmt rcvprmptstmt

  AFTER         shift, and go to state 177
  $default      reduce using rule 107 (rcvjobstmt)

  rcvjobstmt    go to state 176

state 157

  98) jobdesc : SCRIPTNAME STRING _

  $default      reduce using rule 98 (jobdesc)


state 158

  97) jobdesc : SCRIPTNAME PATH _

  $default      reduce using rule 97 (jobdesc)


state 159

 101) jobdesc : STREAMLOGON WORD _

  $default      reduce using rule 101 (jobdesc)


state 160

 102) jobdesc : STREAMLOGON STRING _

  $default      reduce using rule 102 (jobdesc)


state 161

 103) jobdesc : DESCRIPTION STRING _

  $default      reduce using rule 103 (jobdesc)


state 162

 125) jobattr : UNTIL _ times

  NUMBER        shift, and go to state 37
  WORD          shift, and go to state 35

  time          go to state 34
  times         go to state 178

state 163

 123) jobattr : PRIORITY _ porder

  GO            shift, and go to state 40
  HI            shift, and go to state 41
  NUMBER        shift, and go to state 38

  porder        go to state 179

state 164

 120) jobattr : KEYJOB _

  $default      reduce using rule 120 (jobattr)


state 165

 124) jobattr : PROMPT _ prompts

  STRING        shift, and go to state 44
  WORD          shift, and go to state 42

  prompt        go to state 43
  prompts       go to state 180

state 166

 117) jobattr : EVERY _ WORD
 118) jobattr : EVERY _ NUMBER

  NUMBER        shift, and go to state 182
  WORD          shift, and go to state 181


state 167

 113) jobattrs : jobattrs jobattr _

  $default      reduce using rule 113 (jobattrs)


state 168

 114) jobattr : AT _ times

  NUMBER        shift, and go to state 37
  WORD          shift, and go to state 35

  time          go to state 34
  times         go to state 183

state 169

 121) jobattr : NEEDS _ resources

  NUMBER        shift, and go to state 58
  WORD          shift, and go to state 56

  resource      go to state 57
  resources     go to state 184

state 170

 115) jobattr : CONFIRMED _

  $default      reduce using rule 115 (jobattr)


state 171

 119) jobattr : FOLLOWS _ follows

  WORD          shift, and go to state 60

  follow        go to state 61
  follows       go to state 185

state 172

 126) jobattr : ONUNTIL _ WORD

  WORD          shift, and go to state 186


state 173

 122) jobattr : OPENS _ files

  PATH          shift, and go to state 70
  STRING        shift, and go to state 69
  WORD          shift, and go to state 66

  file          go to state 67
  files         go to state 187

state 174

 116) jobattr : DEADLINE _ times

  NUMBER        shift, and go to state 37
  WORD          shift, and go to state 35

  time          go to state 34
  times         go to state 188

state 175

  65) follow : WORD "::" WORD "#" WORD "." _ WORD
  66) follow : WORD "::" WORD "#" WORD "." _ "@"

  WORD          shift, and go to state 189
  "@"           shift, and go to state 190


state 176

 106) jobdesc : RECOVERY WORD rcvjobstmt _ rcvprmptstmt

  ABENDPROMPT   shift, and go to state 191
  $default      reduce using rule 110 (rcvprmptstmt)

  rcvprmptstmt  go to state 192

state 177

 108) rcvjobstmt : AFTER _ WORD
 109) rcvjobstmt : AFTER _ WORD "#" WORD

  WORD          shift, and go to state 193


state 178

  51) times : times _ "," time
 125) jobattr : UNTIL times _

  ","           shift, and go to state 76
  $default      reduce using rule 125 (jobattr)


state 179

 123) jobattr : PRIORITY porder _

  $default      reduce using rule 123 (jobattr)


state 180

  87) prompts : prompts _ "," prompt
 124) jobattr : PROMPT prompts _

  ","           shift, and go to state 78
  $default      reduce using rule 124 (jobattr)


state 181

 117) jobattr : EVERY WORD _

  $default      reduce using rule 117 (jobattr)


state 182

 118) jobattr : EVERY NUMBER _

  $default      reduce using rule 118 (jobattr)


state 183

  51) times : times _ "," time
 114) jobattr : AT times _

  ","           shift, and go to state 76
  $default      reduce using rule 114 (jobattr)


state 184

  68) resources : resources _ "," resource
 121) jobattr : NEEDS resources _

  ","           shift, and go to state 89
  $default      reduce using rule 121 (jobattr)


state 185

  57) follows : follows _ "," follow
 119) jobattr : FOLLOWS follows _

  ","           shift, and go to state 93
  $default      reduce using rule 119 (jobattr)


state 186

 126) jobattr : ONUNTIL WORD _

  $default      reduce using rule 126 (jobattr)


state 187

  74) files : files _ "," file
 122) jobattr : OPENS files _

  ","           shift, and go to state 98
  $default      reduce using rule 122 (jobattr)


state 188

  51) times : times _ "," time
 116) jobattr : DEADLINE times _

  ","           shift, and go to state 76
  $default      reduce using rule 116 (jobattr)


state 189

  65) follow : WORD "::" WORD "#" WORD "." WORD _

  $default      reduce using rule 65 (follow)


state 190

  66) follow : WORD "::" WORD "#" WORD "." "@" _

  $default      reduce using rule 66 (follow)


state 191

 111) rcvprmptstmt : ABENDPROMPT _ STRING

  STRING        shift, and go to state 194


state 192

 106) jobdesc : RECOVERY WORD rcvjobstmt rcvprmptstmt _

  $default      reduce using rule 106 (jobdesc)


state 193

 108) rcvjobstmt : AFTER WORD _
 109) rcvjobstmt : AFTER WORD _ "#" WORD

  "#"           shift, and go to state 195
  $default      reduce using rule 108 (rcvjobstmt)


state 194

 111) rcvprmptstmt : ABENDPROMPT STRING _

  $default      reduce using rule 111 (rcvprmptstmt)


state 195

 109) rcvjobstmt : AFTER WORD "#" _ WORD

  WORD          shift, and go to state 196


state 196

 109) rcvjobstmt : AFTER WORD "#" WORD _

  $default      reduce using rule 109 (rcvjobstmt)

