state 55 contains 1 shift/reduce conflicts
state 68 contains 1 shift/reduce conflicts


-------- Grammar --------

rule 1 schedules: schedule
rule 2 schedules: schedules schedule
rule 3 @1: 
rule 4 @2: 
rule 5 schedule: linecomments SCHEDULE @1 streamstmt ":" linecomments @2 jobstmts ENDSTMT
rule 6 linecomments: 
rule 7 linecomments: linecomments LINECOMMENT
rule 8 streamstmt: streamname streamattrs
rule 9 streamname: WORD
rule 10 streamname: WORD "#" WORD
rule 11 streamattrs: 
rule 12 streamattrs: streamattrs streamattr
rule 13 streamattr: DESCRIPTION STRING
rule 14 streamattr: DRAFT
rule 15 streamattr: FREEDAYS WORD freedaysopts
rule 16 streamattr: ON schedattrs
rule 17 streamattr: DEADLINE times
rule 18 streamattr: EXCEPT schedattrs
rule 19 streamattr: AT times
rule 20 streamattr: CARRYFORWARD
rule 21 streamattr: FOLLOWS follows
rule 22 streamattr: KEYSCHED
rule 23 streamattr: LIMIT NUMBER
rule 24 streamattr: NEEDS resources
rule 25 streamattr: OPENS files
rule 26 streamattr: PRIORITY porder
rule 27 streamattr: PROMPT prompts
rule 28 streamattr: UNTIL times
rule 29 streamattr: ONUNTIL WORD
rule 30 schedattrs: schedattr
rule 31 schedattrs: schedattrs schedattr
rule 32 schedattr: RUNCYCLE WORD
rule 33 schedattr: dates fdrule
rule 34 freedaysopts: 
rule 35 freedaysopts: "-" WORD
rule 36 freedaysopts: "-" WORD "-" WORD
rule 37 dates: date
rule 38 dates: dates "," date
rule 39 date: DATE8
rule 40 date: WEEKDAYS
rule 41 date: WORKDAYS
rule 42 date: FREEDAYS
rule 43 date: WORD offset
rule 44 date: REQUEST
rule 45 offset: 
rule 46 offset: "+" NUMBER DAYS
rule 47 offset: "+" NUMBER WEEKDAYS
rule 48 offset: "+" NUMBER WORKDAYS
rule 49 offset: "-" NUMBER DAYS
rule 50 offset: "-" NUMBER WEEKDAYS
rule 51 offset: "-" NUMBER WORKDAYS
rule 52 fdrule: 
rule 53 fdrule: FDIGNORE
rule 54 fdrule: FDNEXT
rule 55 fdrule: FDPREV
rule 56 times: time
rule 57 times: times "," time
rule 58 time: WORD timezone offset
rule 59 time: NUMBER timezone offset
rule 60 timezone: 
rule 61 timezone: TIMEZONE WORD
rule 62 follows: follow
rule 63 follows: follows "," follow
rule 64 follow: WORD
rule 65 follow: WORD "." WORD
rule 66 follow: WORD "." "@"
rule 67 follow: WORD "#" WORD
rule 68 follow: WORD "#" WORD "." WORD
rule 69 follow: WORD "#" WORD "." "@"
rule 70 follow: WORD "::" WORD "#" WORD
rule 71 follow: WORD "::" WORD "#" WORD "." WORD
rule 72 follow: WORD "::" WORD "#" WORD "." "@"
rule 73 resources: resource
rule 74 resources: resources "," resource
rule 75 resource: WORD
rule 76 resource: WORD "#" WORD
rule 77 resource: NUMBER WORD
rule 78 resource: NUMBER WORD "#" WORD
rule 79 files: file
rule 80 files: files "," file
rule 81 file: PATH
rule 82 file: STRING
rule 83 file: PATH PHARENBLOCK
rule 84 file: STRING PHARENBLOCK
rule 85 file: WORD "#" PATH
rule 86 file: WORD "#" STRING
rule 87 file: WORD "#" PATH PHARENBLOCK
rule 88 file: WORD "#" STRING PHARENBLOCK
rule 89 porder: NUMBER
rule 90 porder: HI
rule 91 porder: GO
rule 92 prompts: prompt
rule 93 prompts: prompts "," prompt
rule 94 prompt: WORD
rule 95 prompt: STRING
rule 96 jobstmts: 
rule 97 jobstmts: jobstmts jobstmt
rule 98 jobstmt: jobname jobdescs jobattrs
rule 99 jobname: WORD
rule 100 jobname: WORD "#" WORD
rule 101 jobdescs: 
rule 102 jobdescs: jobdescs jobdesc
rule 103 jobdesc: SCRIPTNAME PATH
rule 104 jobdesc: SCRIPTNAME STRING
rule 105 jobdesc: DOCOMMAND STRING
rule 106 jobdesc: DOCOMMAND PATH
rule 107 jobdesc: STREAMLOGON WORD
rule 108 jobdesc: STREAMLOGON STRING
rule 109 jobdesc: DESCRIPTION STRING
rule 110 jobdesc: INTERACTIVE
rule 111 jobdesc: RCCONDSUCC STRING
rule 112 jobdesc: RECOVERY WORD rcvjobstmt rcvprmptstmt
rule 113 rcvjobstmt: 
rule 114 rcvjobstmt: AFTER WORD
rule 115 rcvjobstmt: AFTER WORD "#" WORD
rule 116 rcvprmptstmt: 
rule 117 rcvprmptstmt: ABENDPROMPT STRING
rule 118 jobattrs: 
rule 119 jobattrs: jobattrs jobattr
rule 120 jobattr: AT times
rule 121 jobattr: CONFIRMED
rule 122 jobattr: DEADLINE times
rule 123 jobattr: EVERY WORD
rule 124 jobattr: EVERY NUMBER
rule 125 jobattr: FOLLOWS follows
rule 126 jobattr: KEYJOB
rule 127 jobattr: NEEDS resources
rule 128 jobattr: OPENS files
rule 129 jobattr: PRIORITY porder
rule 130 jobattr: PROMPT prompts
rule 131 jobattr: UNTIL times
rule 132 jobattr: ONUNTIL WORD

------- Symbols -------

**Nonterminals, with rules where they appear

  $start (58)
    on right: 
    on left : 
  schedules (59)
    on right: 2
    on left : 1 2
  schedule (60)
    on right: 1 2
    on left : 5
  linecomments (61)
    on right: 5 7
    on left : 6 7
  streamstmt (62)
    on right: 5
    on left : 8
  jobstmts (63)
    on right: 5 97
    on left : 96 97
  @1 (64)
    on right: 5
    on left : 3
  @2 (65)
    on right: 5
    on left : 4
  streamname (66)
    on right: 8
    on left : 9 10
  streamattrs (67)
    on right: 8 12
    on left : 11 12
  streamattr (68)
    on right: 12
    on left : 13 14 15 16 17 18 19 20 21 22 23 24 25 26 27 28 29
  freedaysopts (69)
    on right: 15
    on left : 34 35 36
  schedattrs (70)
    on right: 16 18 31
    on left : 30 31
  times (71)
    on right: 17 19 28 57 120 122 131
    on left : 56 57
  follows (72)
    on right: 21 63 125
    on left : 62 63
  resources (73)
    on right: 24 74 127
    on left : 73 74
  files (74)
    on right: 25 80 128
    on left : 79 80
  porder (75)
    on right: 26 129
    on left : 89 90 91
  prompts (76)
    on right: 27 93 130
    on left : 92 93
  schedattr (77)
    on right: 30 31
    on left : 32 33
  dates (78)
    on right: 33 38
    on left : 37 38
  fdrule (79)
    on right: 33
    on left : 52 53 54 55
  date (80)
    on right: 37 38
    on left : 39 40 41 42 43 44
  offset (81)
    on right: 43 58 59
    on left : 45 46 47 48 49 50 51
  time (82)
    on right: 56 57
    on left : 58 59
  timezone (83)
    on right: 58 59
    on left : 60 61
  follow (84)
    on right: 62 63
    on left : 64 65 66 67 68 69 70 71 72
  resource (85)
    on right: 73 74
    on left : 75 76 77 78
  file (86)
    on right: 79 80
    on left : 81 82 83 84 85 86 87 88
  prompt (87)
    on right: 92 93
    on left : 94 95
  jobstmt (88)
    on right: 97
    on left : 98
  jobname (89)
    on right: 98
    on left : 99 100
  jobdescs (90)
    on right: 98 102
    on left : 101 102
  jobattrs (91)
    on right: 98 119
    on left : 118 119
  jobdesc (92)
    on right: 102
    on left : 103 104 105 106 107 108 109 110 111 112
  rcvjobstmt (93)
    on right: 112
    on left : 113 114 115
  rcvprmptstmt (94)
    on right: 112
    on left : 116 117
  jobattr (95)
    on right: 119
    on left : 120 121 122 123 124 125 126 127 128 129 130 131 132

**Terminals, with rules where they appear

  $end (0) 
  error (1) 
  ABENDPROMPT (2) 117
  AFTER (3) 114 115
  AT (4) 19 120
  CARRYFORWARD (5) 20
  CONFIRMED (6) 121
  DATE8 (7) 39
  DAYS (8) 46 49
  DEADLINE (9) 17 122
  DESCRIPTION (10) 13 109
  DOCOMMAND (11) 105 106
  ENDSTMT (12) 5
  EVERY (13) 123 124
  EXCEPT (14) 18
  FDIGNORE (15) 53
  FDNEXT (16) 54
  FDPREV (17) 55
  FOLLOWS (18) 21 125
  FREEDAYS (19) 15 42
  GO (20) 91
  HI (21) 90
  INTERACTIVE (22) 110
  KEYJOB (23) 126
  KEYSCHED (24) 22
  LIMIT (25) 23
  LINECOMMENT (26) 7
  NEEDS (27) 24 127
  NUMBER (28) 23 46 47 48 49 50 51 59 77 78 89 124
  ON (29) 16
  ONUNTIL (30) 29 132
  OPENS (31) 25 128
  PATH (32) 81 83 85 87 103 106
  PHARENBLOCK (33) 83 84 87 88
  PRIORITY (34) 26 129
  PROMPT (35) 27 130
  RCCONDSUCC (36) 111
  RECOVERY (37) 112
  REQUEST (38) 44
  SCHEDULE (39) 5
  SCRIPTNAME (40) 103 104
  STREAMLOGON (41) 107 108
  STRING (42) 13 82 84 86 88 95 104 105 108 109 111 117
  TIMEZONE (43) 61
  UNTIL (44) 28 131
  WEEKDAYS (45) 40 47 50
  WORD (46) 9 10 15 29 32 35 36 43 58 61 64 65 66 67 68 69 70 71 72 75 76 77 78 85 86 87 88 94 99 100 107 112 114 115 123 132
  WORKDAYS (47) 41 48 51
  DRAFT (48) 14
  RUNCYCLE (49) 32
  ":" (50) 5
  "#" (51) 10 67 68 69 70 71 72 76 78 85 86 87 88 100 115
  "-" (52) 35 36 49 50 51
  "," (53) 38 57 63 74 80 93
  "+" (54) 46 47 48
  "." (55) 65 66 68 69 71 72
  "@" (56) 66 69 72
  "::" (57) 70 71 72

--------- State ---------

state 0


  $default      reduce using rule 6 (linecomments)

  schedules     go to state 1
  schedule      go to state 2
  linecomments  go to state 3

state 1

   2) schedules : schedules _ schedule

  $end          shift, and go to state 4
  $default      reduce using rule 6 (linecomments)

  schedule      go to state 5
  linecomments  go to state 3

state 2

   1) schedules : schedule _

  $default      reduce using rule 1 (schedules)


state 3

   5) schedule : linecomments _ SCHEDULE @1 streamstmt ":" linecomments @2 jobstmts ENDSTMT
   7) linecomments : linecomments _ LINECOMMENT

  LINECOMMENT   shift, and go to state 6
  SCHEDULE      shift, and go to state 7


state 4


  $end          shift, and go to state 8


state 5

   2) schedules : schedules schedule _

  $default      reduce using rule 2 (schedules)


state 6

   7) linecomments : linecomments LINECOMMENT _

  $default      reduce using rule 7 (linecomments)


state 7

   5) schedule : linecomments SCHEDULE _ @1 streamstmt ":" linecomments @2 jobstmts ENDSTMT

  $default      reduce using rule 3 (@1)

  @1            go to state 9

state 8


  $default      accept


state 9

   5) schedule : linecomments SCHEDULE @1 _ streamstmt ":" linecomments @2 jobstmts ENDSTMT

  WORD          shift, and go to state 11

  streamname    go to state 10
  streamstmt    go to state 12

state 10

   8) streamstmt : streamname _ streamattrs

  $default      reduce using rule 11 (streamattrs)

  streamattrs   go to state 13

state 11

   9) streamname : WORD _
  10) streamname : WORD _ "#" WORD

  "#"           shift, and go to state 14
  $default      reduce using rule 9 (streamname)


state 12

   5) schedule : linecomments SCHEDULE @1 streamstmt _ ":" linecomments @2 jobstmts ENDSTMT

  ":"           shift, and go to state 15


state 13

   8) streamstmt : streamname streamattrs _
  12) streamattrs : streamattrs _ streamattr

  AT            shift, and go to state 23
  CARRYFORWARD  shift, and go to state 26
  DEADLINE      shift, and go to state 32
  DESCRIPTION   shift, and go to state 33
  EXCEPT        shift, and go to state 22
  FOLLOWS       shift, and go to state 27
  FREEDAYS      shift, and go to state 30
  KEYSCHED      shift, and go to state 19
  LIMIT         shift, and go to state 21
  NEEDS         shift, and go to state 25
  ON            shift, and go to state 28
  ONUNTIL       shift, and go to state 29
  OPENS         shift, and go to state 31
  PRIORITY      shift, and go to state 17
  PROMPT        shift, and go to state 18
  UNTIL         shift, and go to state 16
  DRAFT         shift, and go to state 24
  $default      reduce using rule 8 (streamstmt)

  streamattr    go to state 20

state 14

  10) streamname : WORD "#" _ WORD

  WORD          shift, and go to state 34


state 15

   5) schedule : linecomments SCHEDULE @1 streamstmt ":" _ linecomments @2 jobstmts ENDSTMT

  $default      reduce using rule 6 (linecomments)

  linecomments  go to state 35

state 16

  28) streamattr : UNTIL _ times

  NUMBER        shift, and go to state 39
  WORD          shift, and go to state 36

  times         go to state 38
  time          go to state 37

state 17

  26) streamattr : PRIORITY _ porder

  GO            shift, and go to state 41
  HI            shift, and go to state 43
  NUMBER        shift, and go to state 40

  porder        go to state 42

state 18

  27) streamattr : PROMPT _ prompts

  STRING        shift, and go to state 45
  WORD          shift, and go to state 44

  prompts       go to state 47
  prompt        go to state 46

state 19

  22) streamattr : KEYSCHED _

  $default      reduce using rule 22 (streamattr)


state 20

  12) streamattrs : streamattrs streamattr _

  $default      reduce using rule 12 (streamattrs)


state 21

  23) streamattr : LIMIT _ NUMBER

  NUMBER        shift, and go to state 48


state 22

  18) streamattr : EXCEPT _ schedattrs

  DATE8         shift, and go to state 58
  FREEDAYS      shift, and go to state 59
  REQUEST       shift, and go to state 56
  WEEKDAYS      shift, and go to state 50
  WORD          shift, and go to state 52
  WORKDAYS      shift, and go to state 53
  RUNCYCLE      shift, and go to state 57

  schedattr     go to state 49
  dates         go to state 51
  date          go to state 54
  schedattrs    go to state 55

state 23

  19) streamattr : AT _ times

  NUMBER        shift, and go to state 39
  WORD          shift, and go to state 36

  times         go to state 60
  time          go to state 37

state 24

  14) streamattr : DRAFT _

  $default      reduce using rule 14 (streamattr)


state 25

  24) streamattr : NEEDS _ resources

  NUMBER        shift, and go to state 62
  WORD          shift, and go to state 61

  resources     go to state 63
  resource      go to state 64

state 26

  20) streamattr : CARRYFORWARD _

  $default      reduce using rule 20 (streamattr)


state 27

  21) streamattr : FOLLOWS _ follows

  WORD          shift, and go to state 65

  follows       go to state 66
  follow        go to state 67

state 28

  16) streamattr : ON _ schedattrs

  DATE8         shift, and go to state 58
  FREEDAYS      shift, and go to state 59
  REQUEST       shift, and go to state 56
  WEEKDAYS      shift, and go to state 50
  WORD          shift, and go to state 52
  WORKDAYS      shift, and go to state 53
  RUNCYCLE      shift, and go to state 57

  schedattr     go to state 49
  dates         go to state 51
  date          go to state 54
  schedattrs    go to state 68

state 29

  29) streamattr : ONUNTIL _ WORD

  WORD          shift, and go to state 69


state 30

  15) streamattr : FREEDAYS _ WORD freedaysopts

  WORD          shift, and go to state 70


state 31

  25) streamattr : OPENS _ files

  PATH          shift, and go to state 75
  STRING        shift, and go to state 73
  WORD          shift, and go to state 71

  files         go to state 72
  file          go to state 74

state 32

  17) streamattr : DEADLINE _ times

  NUMBER        shift, and go to state 39
  WORD          shift, and go to state 36

  times         go to state 76
  time          go to state 37

state 33

  13) streamattr : DESCRIPTION _ STRING

  STRING        shift, and go to state 77


state 34

  10) streamname : WORD "#" WORD _

  $default      reduce using rule 10 (streamname)


state 35

   5) schedule : linecomments SCHEDULE @1 streamstmt ":" linecomments _ @2 jobstmts ENDSTMT
   7) linecomments : linecomments _ LINECOMMENT

  LINECOMMENT   shift, and go to state 6
  $default      reduce using rule 4 (@2)

  @2            go to state 78

state 36

  58) time : WORD _ timezone offset

  TIMEZONE      shift, and go to state 80
  $default      reduce using rule 60 (timezone)

  timezone      go to state 79

state 37

  56) times : time _

  $default      reduce using rule 56 (times)


state 38

  28) streamattr : UNTIL times _
  57) times : times _ "," time

  ","           shift, and go to state 81
  $default      reduce using rule 28 (streamattr)


state 39

  59) time : NUMBER _ timezone offset

  TIMEZONE      shift, and go to state 80
  $default      reduce using rule 60 (timezone)

  timezone      go to state 82

state 40

  89) porder : NUMBER _

  $default      reduce using rule 89 (porder)


state 41

  91) porder : GO _

  $default      reduce using rule 91 (porder)


state 42

  26) streamattr : PRIORITY porder _

  $default      reduce using rule 26 (streamattr)


state 43

  90) porder : HI _

  $default      reduce using rule 90 (porder)


state 44

  94) prompt : WORD _

  $default      reduce using rule 94 (prompt)


state 45

  95) prompt : STRING _

  $default      reduce using rule 95 (prompt)


state 46

  92) prompts : prompt _

  $default      reduce using rule 92 (prompts)


state 47

  27) streamattr : PROMPT prompts _
  93) prompts : prompts _ "," prompt

  ","           shift, and go to state 83
  $default      reduce using rule 27 (streamattr)


state 48

  23) streamattr : LIMIT NUMBER _

  $default      reduce using rule 23 (streamattr)


state 49

  30) schedattrs : schedattr _

  $default      reduce using rule 30 (schedattrs)


state 50

  40) date : WEEKDAYS _

  $default      reduce using rule 40 (date)


state 51

  33) schedattr : dates _ fdrule
  38) dates : dates _ "," date

  FDIGNORE      shift, and go to state 85
  FDNEXT        shift, and go to state 86
  FDPREV        shift, and go to state 87
  ","           shift, and go to state 88
  $default      reduce using rule 52 (fdrule)

  fdrule        go to state 84

state 52

  43) date : WORD _ offset

  "-"           shift, and go to state 90
  "+"           shift, and go to state 91
  $default      reduce using rule 45 (offset)

  offset        go to state 89

state 53

  41) date : WORKDAYS _

  $default      reduce using rule 41 (date)


state 54

  37) dates : date _

  $default      reduce using rule 37 (dates)


state 55

  18) streamattr : EXCEPT schedattrs _
  31) schedattrs : schedattrs _ schedattr

  DATE8         shift, and go to state 58
  FREEDAYS      shift, and go to state 59
  FREEDAYS      [reduce using rule 18 (streamattr)]
  REQUEST       shift, and go to state 56
  WEEKDAYS      shift, and go to state 50
  WORD          shift, and go to state 52
  WORKDAYS      shift, and go to state 53
  RUNCYCLE      shift, and go to state 57
  $default      reduce using rule 18 (streamattr)

  schedattr     go to state 92
  dates         go to state 51
  date          go to state 54

state 56

  44) date : REQUEST _

  $default      reduce using rule 44 (date)


state 57

  32) schedattr : RUNCYCLE _ WORD

  WORD          shift, and go to state 93


state 58

  39) date : DATE8 _

  $default      reduce using rule 39 (date)


state 59

  42) date : FREEDAYS _

  $default      reduce using rule 42 (date)


state 60

  19) streamattr : AT times _
  57) times : times _ "," time

  ","           shift, and go to state 81
  $default      reduce using rule 19 (streamattr)


state 61

  75) resource : WORD _
  76) resource : WORD _ "#" WORD

  "#"           shift, and go to state 94
  $default      reduce using rule 75 (resource)


state 62

  77) resource : NUMBER _ WORD
  78) resource : NUMBER _ WORD "#" WORD

  WORD          shift, and go to state 95


state 63

  24) streamattr : NEEDS resources _
  74) resources : resources _ "," resource

  ","           shift, and go to state 96
  $default      reduce using rule 24 (streamattr)


state 64

  73) resources : resource _

  $default      reduce using rule 73 (resources)


state 65

  64) follow : WORD _
  65) follow : WORD _ "." WORD
  66) follow : WORD _ "." "@"
  67) follow : WORD _ "#" WORD
  68) follow : WORD _ "#" WORD "." WORD
  69) follow : WORD _ "#" WORD "." "@"
  70) follow : WORD _ "::" WORD "#" WORD
  71) follow : WORD _ "::" WORD "#" WORD "." WORD
  72) follow : WORD _ "::" WORD "#" WORD "." "@"

  "#"           shift, and go to state 99
  "."           shift, and go to state 97
  "::"          shift, and go to state 98
  $default      reduce using rule 64 (follow)


state 66

  21) streamattr : FOLLOWS follows _
  63) follows : follows _ "," follow

  ","           shift, and go to state 100
  $default      reduce using rule 21 (streamattr)


state 67

  62) follows : follow _

  $default      reduce using rule 62 (follows)


state 68

  16) streamattr : ON schedattrs _
  31) schedattrs : schedattrs _ schedattr

  DATE8         shift, and go to state 58
  FREEDAYS      shift, and go to state 59
  FREEDAYS      [reduce using rule 16 (streamattr)]
  REQUEST       shift, and go to state 56
  WEEKDAYS      shift, and go to state 50
  WORD          shift, and go to state 52
  WORKDAYS      shift, and go to state 53
  RUNCYCLE      shift, and go to state 57
  $default      reduce using rule 16 (streamattr)

  schedattr     go to state 92
  dates         go to state 51
  date          go to state 54

state 69

  29) streamattr : ONUNTIL WORD _

  $default      reduce using rule 29 (streamattr)


state 70

  15) streamattr : FREEDAYS WORD _ freedaysopts

  "-"           shift, and go to state 102
  $default      reduce using rule 34 (freedaysopts)

  freedaysopts  go to state 101

state 71

  85) file : WORD _ "#" PATH
  86) file : WORD _ "#" STRING
  87) file : WORD _ "#" PATH PHARENBLOCK
  88) file : WORD _ "#" STRING PHARENBLOCK

  "#"           shift, and go to state 103


state 72

  25) streamattr : OPENS files _
  80) files : files _ "," file

  ","           shift, and go to state 104
  $default      reduce using rule 25 (streamattr)


state 73

  82) file : STRING _
  84) file : STRING _ PHARENBLOCK

  PHARENBLOCK   shift, and go to state 105
  $default      reduce using rule 82 (file)


state 74

  79) files : file _

  $default      reduce using rule 79 (files)


state 75

  81) file : PATH _
  83) file : PATH _ PHARENBLOCK

  PHARENBLOCK   shift, and go to state 106
  $default      reduce using rule 81 (file)


state 76

  17) streamattr : DEADLINE times _
  57) times : times _ "," time

  ","           shift, and go to state 81
  $default      reduce using rule 17 (streamattr)


state 77

  13) streamattr : DESCRIPTION STRING _

  $default      reduce using rule 13 (streamattr)


state 78

   5) schedule : linecomments SCHEDULE @1 streamstmt ":" linecomments @2 _ jobstmts ENDSTMT

  $default      reduce using rule 96 (jobstmts)

  jobstmts      go to state 107

state 79

  58) time : WORD timezone _ offset

  "-"           shift, and go to state 90
  "+"           shift, and go to state 91
  $default      reduce using rule 45 (offset)

  offset        go to state 108

state 80

  61) timezone : TIMEZONE _ WORD

  WORD          shift, and go to state 109


state 81

  57) times : times "," _ time

  NUMBER        shift, and go to state 39
  WORD          shift, and go to state 36

  time          go to state 110

state 82

  59) time : NUMBER timezone _ offset

  "-"           shift, and go to state 90
  "+"           shift, and go to state 91
  $default      reduce using rule 45 (offset)

  offset        go to state 111

state 83

  93) prompts : prompts "," _ prompt

  STRING        shift, and go to state 45
  WORD          shift, and go to state 44

  prompt        go to state 112

state 84

  33) schedattr : dates fdrule _

  $default      reduce using rule 33 (schedattr)


state 85

  53) fdrule : FDIGNORE _

  $default      reduce using rule 53 (fdrule)


state 86

  54) fdrule : FDNEXT _

  $default      reduce using rule 54 (fdrule)


state 87

  55) fdrule : FDPREV _

  $default      reduce using rule 55 (fdrule)


state 88

  38) dates : dates "," _ date

  DATE8         shift, and go to state 58
  FREEDAYS      shift, and go to state 59
  REQUEST       shift, and go to state 56
  WEEKDAYS      shift, and go to state 50
  WORD          shift, and go to state 52
  WORKDAYS      shift, and go to state 53

  date          go to state 113

state 89

  43) date : WORD offset _

  $default      reduce using rule 43 (date)


state 90

  49) offset : "-" _ NUMBER DAYS
  50) offset : "-" _ NUMBER WEEKDAYS
  51) offset : "-" _ NUMBER WORKDAYS

  NUMBER        shift, and go to state 114


state 91

  46) offset : "+" _ NUMBER DAYS
  47) offset : "+" _ NUMBER WEEKDAYS
  48) offset : "+" _ NUMBER WORKDAYS

  NUMBER        shift, and go to state 115


state 92

  31) schedattrs : schedattrs schedattr _

  $default      reduce using rule 31 (schedattrs)


state 93

  32) schedattr : RUNCYCLE WORD _

  $default      reduce using rule 32 (schedattr)


state 94

  76) resource : WORD "#" _ WORD

  WORD          shift, and go to state 116


state 95

  77) resource : NUMBER WORD _
  78) resource : NUMBER WORD _ "#" WORD

  "#"           shift, and go to state 117
  $default      reduce using rule 77 (resource)


state 96

  74) resources : resources "," _ resource

  NUMBER        shift, and go to state 62
  WORD          shift, and go to state 61

  resource      go to state 118

state 97

  65) follow : WORD "." _ WORD
  66) follow : WORD "." _ "@"

  WORD          shift, and go to state 120
  "@"           shift, and go to state 119


state 98

  70) follow : WORD "::" _ WORD "#" WORD
  71) follow : WORD "::" _ WORD "#" WORD "." WORD
  72) follow : WORD "::" _ WORD "#" WORD "." "@"

  WORD          shift, and go to state 121


state 99

  67) follow : WORD "#" _ WORD
  68) follow : WORD "#" _ WORD "." WORD
  69) follow : WORD "#" _ WORD "." "@"

  WORD          shift, and go to state 122


state 100

  63) follows : follows "," _ follow

  WORD          shift, and go to state 65

  follow        go to state 123

state 101

  15) streamattr : FREEDAYS WORD freedaysopts _

  $default      reduce using rule 15 (streamattr)


state 102

  35) freedaysopts : "-" _ WORD
  36) freedaysopts : "-" _ WORD "-" WORD

  WORD          shift, and go to state 124


state 103

  85) file : WORD "#" _ PATH
  86) file : WORD "#" _ STRING
  87) file : WORD "#" _ PATH PHARENBLOCK
  88) file : WORD "#" _ STRING PHARENBLOCK

  PATH          shift, and go to state 126
  STRING        shift, and go to state 125


state 104

  80) files : files "," _ file

  PATH          shift, and go to state 75
  STRING        shift, and go to state 73
  WORD          shift, and go to state 71

  file          go to state 127

state 105

  84) file : STRING PHARENBLOCK _

  $default      reduce using rule 84 (file)


state 106

  83) file : PATH PHARENBLOCK _

  $default      reduce using rule 83 (file)


state 107

   5) schedule : linecomments SCHEDULE @1 streamstmt ":" linecomments @2 jobstmts _ ENDSTMT
  97) jobstmts : jobstmts _ jobstmt

  ENDSTMT       shift, and go to state 130
  WORD          shift, and go to state 131

  jobstmt       go to state 128
  jobname       go to state 129

state 108

  58) time : WORD timezone offset _

  $default      reduce using rule 58 (time)


state 109

  61) timezone : TIMEZONE WORD _

  $default      reduce using rule 61 (timezone)


state 110

  57) times : times "," time _

  $default      reduce using rule 57 (times)


state 111

  59) time : NUMBER timezone offset _

  $default      reduce using rule 59 (time)


state 112

  93) prompts : prompts "," prompt _

  $default      reduce using rule 93 (prompts)


state 113

  38) dates : dates "," date _

  $default      reduce using rule 38 (dates)


state 114

  49) offset : "-" NUMBER _ DAYS
  50) offset : "-" NUMBER _ WEEKDAYS
  51) offset : "-" NUMBER _ WORKDAYS

  DAYS          shift, and go to state 134
  WEEKDAYS      shift, and go to state 132
  WORKDAYS      shift, and go to state 133


state 115

  46) offset : "+" NUMBER _ DAYS
  47) offset : "+" NUMBER _ WEEKDAYS
  48) offset : "+" NUMBER _ WORKDAYS

  DAYS          shift, and go to state 137
  WEEKDAYS      shift, and go to state 135
  WORKDAYS      shift, and go to state 136


state 116

  76) resource : WORD "#" WORD _

  $default      reduce using rule 76 (resource)


state 117

  78) resource : NUMBER WORD "#" _ WORD

  WORD          shift, and go to state 138


state 118

  74) resources : resources "," resource _

  $default      reduce using rule 74 (resources)


state 119

  66) follow : WORD "." "@" _

  $default      reduce using rule 66 (follow)


state 120

  65) follow : WORD "." WORD _

  $default      reduce using rule 65 (follow)


state 121

  70) follow : WORD "::" WORD _ "#" WORD
  71) follow : WORD "::" WORD _ "#" WORD "." WORD
  72) follow : WORD "::" WORD _ "#" WORD "." "@"

  "#"           shift, and go to state 139


state 122

  67) follow : WORD "#" WORD _
  68) follow : WORD "#" WORD _ "." WORD
  69) follow : WORD "#" WORD _ "." "@"

  "."           shift, and go to state 140
  $default      reduce using rule 67 (follow)


state 123

  63) follows : follows "," follow _

  $default      reduce using rule 63 (follows)


state 124

  35) freedaysopts : "-" WORD _
  36) freedaysopts : "-" WORD _ "-" WORD

  "-"           shift, and go to state 141
  $default      reduce using rule 35 (freedaysopts)


state 125

  86) file : WORD "#" STRING _
  88) file : WORD "#" STRING _ PHARENBLOCK

  PHARENBLOCK   shift, and go to state 142
  $default      reduce using rule 86 (file)


state 126

  85) file : WORD "#" PATH _
  87) file : WORD "#" PATH _ PHARENBLOCK

  PHARENBLOCK   shift, and go to state 143
  $default      reduce using rule 85 (file)


state 127

  80) files : files "," file _

  $default      reduce using rule 80 (files)


state 128

  97) jobstmts : jobstmts jobstmt _

  $default      reduce using rule 97 (jobstmts)


state 129

  98) jobstmt : jobname _ jobdescs jobattrs

  $default      reduce using rule 101 (jobdescs)

  jobdescs      go to state 144

state 130

   5) schedule : linecomments SCHEDULE @1 streamstmt ":" linecomments @2 jobstmts ENDSTMT _

  $default      reduce using rule 5 (schedule)


state 131

  99) jobname : WORD _
 100) jobname : WORD _ "#" WORD

  "#"           shift, and go to state 145
  $default      reduce using rule 99 (jobname)


state 132

  50) offset : "-" NUMBER WEEKDAYS _

  $default      reduce using rule 50 (offset)


state 133

  51) offset : "-" NUMBER WORKDAYS _

  $default      reduce using rule 51 (offset)


state 134

  49) offset : "-" NUMBER DAYS _

  $default      reduce using rule 49 (offset)


state 135

  47) offset : "+" NUMBER WEEKDAYS _

  $default      reduce using rule 47 (offset)


state 136

  48) offset : "+" NUMBER WORKDAYS _

  $default      reduce using rule 48 (offset)


state 137

  46) offset : "+" NUMBER DAYS _

  $default      reduce using rule 46 (offset)


state 138

  78) resource : NUMBER WORD "#" WORD _

  $default      reduce using rule 78 (resource)


state 139

  70) follow : WORD "::" WORD "#" _ WORD
  71) follow : WORD "::" WORD "#" _ WORD "." WORD
  72) follow : WORD "::" WORD "#" _ WORD "." "@"

  WORD          shift, and go to state 146


state 140

  68) follow : WORD "#" WORD "." _ WORD
  69) follow : WORD "#" WORD "." _ "@"

  WORD          shift, and go to state 148
  "@"           shift, and go to state 147


state 141

  36) freedaysopts : "-" WORD "-" _ WORD

  WORD          shift, and go to state 149


state 142

  88) file : WORD "#" STRING PHARENBLOCK _

  $default      reduce using rule 88 (file)


state 143

  87) file : WORD "#" PATH PHARENBLOCK _

  $default      reduce using rule 87 (file)


state 144

  98) jobstmt : jobname jobdescs _ jobattrs
 102) jobdescs : jobdescs _ jobdesc

  DESCRIPTION   shift, and go to state 158
  DOCOMMAND     shift, and go to state 151
  INTERACTIVE   shift, and go to state 150
  RCCONDSUCC    shift, and go to state 152
  RECOVERY      shift, and go to state 154
  SCRIPTNAME    shift, and go to state 156
  STREAMLOGON   shift, and go to state 157
  $default      reduce using rule 118 (jobattrs)

  jobattrs      go to state 153
  jobdesc       go to state 155

state 145

 100) jobname : WORD "#" _ WORD

  WORD          shift, and go to state 159


state 146

  70) follow : WORD "::" WORD "#" WORD _
  71) follow : WORD "::" WORD "#" WORD _ "." WORD
  72) follow : WORD "::" WORD "#" WORD _ "." "@"

  "."           shift, and go to state 160
  $default      reduce using rule 70 (follow)


state 147

  69) follow : WORD "#" WORD "." "@" _

  $default      reduce using rule 69 (follow)


state 148

  68) follow : WORD "#" WORD "." WORD _

  $default      reduce using rule 68 (follow)


state 149

  36) freedaysopts : "-" WORD "-" WORD _

  $default      reduce using rule 36 (freedaysopts)


state 150

 110) jobdesc : INTERACTIVE _

  $default      reduce using rule 110 (jobdesc)


state 151

 105) jobdesc : DOCOMMAND _ STRING
 106) jobdesc : DOCOMMAND _ PATH

  PATH          shift, and go to state 162
  STRING        shift, and go to state 161


state 152

 111) jobdesc : RCCONDSUCC _ STRING

  STRING        shift, and go to state 163


state 153

  98) jobstmt : jobname jobdescs jobattrs _
 119) jobattrs : jobattrs _ jobattr

  AT            shift, and go to state 169
  CONFIRMED     shift, and go to state 171
  DEADLINE      shift, and go to state 176
  EVERY         shift, and go to state 168
  FOLLOWS       shift, and go to state 172
  KEYJOB        shift, and go to state 166
  NEEDS         shift, and go to state 170
  ONUNTIL       shift, and go to state 174
  OPENS         shift, and go to state 175
  PRIORITY      shift, and go to state 165
  PROMPT        shift, and go to state 167
  UNTIL         shift, and go to state 164
  $default      reduce using rule 98 (jobstmt)

  jobattr       go to state 173

state 154

 112) jobdesc : RECOVERY _ WORD rcvjobstmt rcvprmptstmt

  WORD          shift, and go to state 177


state 155

 102) jobdescs : jobdescs jobdesc _

  $default      reduce using rule 102 (jobdescs)


state 156

 103) jobdesc : SCRIPTNAME _ PATH
 104) jobdesc : SCRIPTNAME _ STRING

  PATH          shift, and go to state 179
  STRING        shift, and go to state 178


state 157

 107) jobdesc : STREAMLOGON _ WORD
 108) jobdesc : STREAMLOGON _ STRING

  STRING        shift, and go to state 181
  WORD          shift, and go to state 180


state 158

 109) jobdesc : DESCRIPTION _ STRING

  STRING        shift, and go to state 182


state 159

 100) jobname : WORD "#" WORD _

  $default      reduce using rule 100 (jobname)


state 160

  71) follow : WORD "::" WORD "#" WORD "." _ WORD
  72) follow : WORD "::" WORD "#" WORD "." _ "@"

  WORD          shift, and go to state 184
  "@"           shift, and go to state 183


state 161

 105) jobdesc : DOCOMMAND STRING _

  $default      reduce using rule 105 (jobdesc)


state 162

 106) jobdesc : DOCOMMAND PATH _

  $default      reduce using rule 106 (jobdesc)


state 163

 111) jobdesc : RCCONDSUCC STRING _

  $default      reduce using rule 111 (jobdesc)


state 164

 131) jobattr : UNTIL _ times

  NUMBER        shift, and go to state 39
  WORD          shift, and go to state 36

  time          go to state 37
  times         go to state 185

state 165

 129) jobattr : PRIORITY _ porder

  GO            shift, and go to state 41
  HI            shift, and go to state 43
  NUMBER        shift, and go to state 40

  porder        go to state 186

state 166

 126) jobattr : KEYJOB _

  $default      reduce using rule 126 (jobattr)


state 167

 130) jobattr : PROMPT _ prompts

  STRING        shift, and go to state 45
  WORD          shift, and go to state 44

  prompt        go to state 46
  prompts       go to state 187

state 168

 123) jobattr : EVERY _ WORD
 124) jobattr : EVERY _ NUMBER

  NUMBER        shift, and go to state 189
  WORD          shift, and go to state 188


state 169

 120) jobattr : AT _ times

  NUMBER        shift, and go to state 39
  WORD          shift, and go to state 36

  time          go to state 37
  times         go to state 190

state 170

 127) jobattr : NEEDS _ resources

  NUMBER        shift, and go to state 62
  WORD          shift, and go to state 61

  resources     go to state 191
  resource      go to state 64

state 171

 121) jobattr : CONFIRMED _

  $default      reduce using rule 121 (jobattr)


state 172

 125) jobattr : FOLLOWS _ follows

  WORD          shift, and go to state 65

  follows       go to state 192
  follow        go to state 67

state 173

 119) jobattrs : jobattrs jobattr _

  $default      reduce using rule 119 (jobattrs)


state 174

 132) jobattr : ONUNTIL _ WORD

  WORD          shift, and go to state 193


state 175

 128) jobattr : OPENS _ files

  PATH          shift, and go to state 75
  STRING        shift, and go to state 73
  WORD          shift, and go to state 71

  files         go to state 194
  file          go to state 74

state 176

 122) jobattr : DEADLINE _ times

  NUMBER        shift, and go to state 39
  WORD          shift, and go to state 36

  time          go to state 37
  times         go to state 195

state 177

 112) jobdesc : RECOVERY WORD _ rcvjobstmt rcvprmptstmt

  AFTER         shift, and go to state 196
  $default      reduce using rule 113 (rcvjobstmt)

  rcvjobstmt    go to state 197

state 178

 104) jobdesc : SCRIPTNAME STRING _

  $default      reduce using rule 104 (jobdesc)


state 179

 103) jobdesc : SCRIPTNAME PATH _

  $default      reduce using rule 103 (jobdesc)


state 180

 107) jobdesc : STREAMLOGON WORD _

  $default      reduce using rule 107 (jobdesc)


state 181

 108) jobdesc : STREAMLOGON STRING _

  $default      reduce using rule 108 (jobdesc)


state 182

 109) jobdesc : DESCRIPTION STRING _

  $default      reduce using rule 109 (jobdesc)


state 183

  72) follow : WORD "::" WORD "#" WORD "." "@" _

  $default      reduce using rule 72 (follow)


state 184

  71) follow : WORD "::" WORD "#" WORD "." WORD _

  $default      reduce using rule 71 (follow)


state 185

  57) times : times _ "," time
 131) jobattr : UNTIL times _

  ","           shift, and go to state 81
  $default      reduce using rule 131 (jobattr)


state 186

 129) jobattr : PRIORITY porder _

  $default      reduce using rule 129 (jobattr)


state 187

  93) prompts : prompts _ "," prompt
 130) jobattr : PROMPT prompts _

  ","           shift, and go to state 83
  $default      reduce using rule 130 (jobattr)


state 188

 123) jobattr : EVERY WORD _

  $default      reduce using rule 123 (jobattr)


state 189

 124) jobattr : EVERY NUMBER _

  $default      reduce using rule 124 (jobattr)


state 190

  57) times : times _ "," time
 120) jobattr : AT times _

  ","           shift, and go to state 81
  $default      reduce using rule 120 (jobattr)


state 191

  74) resources : resources _ "," resource
 127) jobattr : NEEDS resources _

  ","           shift, and go to state 96
  $default      reduce using rule 127 (jobattr)


state 192

  63) follows : follows _ "," follow
 125) jobattr : FOLLOWS follows _

  ","           shift, and go to state 100
  $default      reduce using rule 125 (jobattr)


state 193

 132) jobattr : ONUNTIL WORD _

  $default      reduce using rule 132 (jobattr)


state 194

  80) files : files _ "," file
 128) jobattr : OPENS files _

  ","           shift, and go to state 104
  $default      reduce using rule 128 (jobattr)


state 195

  57) times : times _ "," time
 122) jobattr : DEADLINE times _

  ","           shift, and go to state 81
  $default      reduce using rule 122 (jobattr)


state 196

 114) rcvjobstmt : AFTER _ WORD
 115) rcvjobstmt : AFTER _ WORD "#" WORD

  WORD          shift, and go to state 198


state 197

 112) jobdesc : RECOVERY WORD rcvjobstmt _ rcvprmptstmt

  ABENDPROMPT   shift, and go to state 199
  $default      reduce using rule 116 (rcvprmptstmt)

  rcvprmptstmt  go to state 200

state 198

 114) rcvjobstmt : AFTER WORD _
 115) rcvjobstmt : AFTER WORD _ "#" WORD

  "#"           shift, and go to state 201
  $default      reduce using rule 114 (rcvjobstmt)


state 199

 117) rcvprmptstmt : ABENDPROMPT _ STRING

  STRING        shift, and go to state 202


state 200

 112) jobdesc : RECOVERY WORD rcvjobstmt rcvprmptstmt _

  $default      reduce using rule 112 (jobdesc)


state 201

 115) rcvjobstmt : AFTER WORD "#" _ WORD

  WORD          shift, and go to state 203


state 202

 117) rcvprmptstmt : ABENDPROMPT STRING _

  $default      reduce using rule 117 (rcvprmptstmt)


state 203

 115) rcvjobstmt : AFTER WORD "#" WORD _

  $default      reduce using rule 115 (rcvjobstmt)

