

-------- Grammar --------

rule 1 statements: 
rule 2 statements: statements statement
rule 3 statement: CPUNAME cpudef ENDSTMT
rule 4 statement: CPUCLASS cpuclassstmt ENDSTMT
rule 5 statement: DOMAIN domainstmt ENDSTMT
rule 6 cpudef: WORD cpuoptions maestro
rule 7 cpuoptions: cpuoption
rule 8 cpuoptions: cpuoptions cpuoption
rule 9 cpuoption: cpudesc
rule 10 cpuoption: os
rule 11 cpuoption: node
rule 12 cpuoption: tcpaddr
rule 13 cpuoption: secureaddr
rule 14 cpuoption: timezone
rule 15 cpuoption: domain
rule 16 cpudesc: DESCRIPTION STRING
rule 17 os: OS WORD
rule 18 node: NODE hostname
rule 19 hostname: WORD
rule 20 hostname: hostname "." WORD
rule 21 tcpaddr: TCPADDR WORD
rule 22 secureaddr: SECUREADDR WORD
rule 23 timezone: TIMEZONE WORD
rule 24 domain: DOMAIN WORD
rule 25 maestro: 
rule 26 maestro: FOR MAESTRO maestroopts
rule 27 maestroopts: 
rule 28 maestroopts: maestroopts maestroopt
rule 29 maestroopt: host
rule 30 maestroopt: type
rule 31 maestroopt: ignore
rule 32 maestroopt: autolink
rule 33 maestroopt: behindfirewall
rule 34 maestroopt: securitylevel
rule 35 maestroopt: fullstatus
rule 36 maestroopt: resolvedep
rule 37 maestroopt: server
rule 38 host: HOST hostname access
rule 39 access: 
rule 40 access: ACCESS PATH
rule 41 access: ACCESS WORD
rule 42 type: TYPE WORD
rule 43 ignore: IGNORE
rule 44 autolink: AUTOLINK WORD
rule 45 behindfirewall: BEHINDFIREWALL WORD
rule 46 securitylevel: SECURITYLEVEL WORD
rule 47 fullstatus: FULLSTATUS WORD
rule 48 resolvedep: RESOLVEDEP WORD
rule 49 server: SERVER WORD
rule 50 cpuclassstmt: WORD MEMBERS wkstations
rule 51 wkstations: WORD
rule 52 wkstations: wkstations WORD
rule 53 wkstations: "@"
rule 54 domainstmt: WORD domdesc MANAGER WORD parent
rule 55 domdesc: 
rule 56 domdesc: DESCRIPTION STRING
rule 57 parent: 
rule 58 parent: PARENT WORD

------- Symbols -------

**Nonterminals, with rules where they appear

  $start (32)
    on right: 
    on left : 
  statements (33)
    on right: 2
    on left : 1 2
  statement (34)
    on right: 2
    on left : 3 4 5
  cpudef (35)
    on right: 3
    on left : 6
  cpuclassstmt (36)
    on right: 4
    on left : 50
  domainstmt (37)
    on right: 5
    on left : 54
  cpuoptions (38)
    on right: 6 8
    on left : 7 8
  maestro (39)
    on right: 6
    on left : 25 26
  cpuoption (40)
    on right: 7 8
    on left : 9 10 11 12 13 14 15
  cpudesc (41)
    on right: 9
    on left : 16
  os (42)
    on right: 10
    on left : 17
  node (43)
    on right: 11
    on left : 18
  tcpaddr (44)
    on right: 12
    on left : 21
  secureaddr (45)
    on right: 13
    on left : 22
  timezone (46)
    on right: 14
    on left : 23
  domain (47)
    on right: 15
    on left : 24
  hostname (48)
    on right: 18 20 38
    on left : 19 20
  maestroopts (49)
    on right: 26 28
    on left : 27 28
  maestroopt (50)
    on right: 28
    on left : 29 30 31 32 33 34 35 36 37
  host (51)
    on right: 29
    on left : 38
  type (52)
    on right: 30
    on left : 42
  ignore (53)
    on right: 31
    on left : 43
  autolink (54)
    on right: 32
    on left : 44
  behindfirewall (55)
    on right: 33
    on left : 45
  securitylevel (56)
    on right: 34
    on left : 46
  fullstatus (57)
    on right: 35
    on left : 47
  resolvedep (58)
    on right: 36
    on left : 48
  server (59)
    on right: 37
    on left : 49
  access (60)
    on right: 38
    on left : 39 40 41
  wkstations (61)
    on right: 50 52
    on left : 51 52 53
  domdesc (62)
    on right: 54
    on left : 55 56
  parent (63)
    on right: 54
    on left : 57 58

**Terminals, with rules where they appear

  $end (0) 
  error (1) 
  ACCESS (2) 40 41
  AUTOLINK (3) 44
  BEHINDFIREWALL (4) 45
  CPUCLASS (5) 4
  CPUNAME (6) 3
  DESCRIPTION (7) 16 56
  DOMAIN (8) 5 24
  ENDSTMT (9) 3 4 5
  FOR (10) 26
  FULLSTATUS (11) 47
  HOST (12) 38
  IGNORE (13) 43
  MAESTRO (14) 26
  MANAGER (15) 54
  MEMBERS (16) 50
  NODE (17) 18
  OS (18) 17
  PARENT (19) 58
  PATH (20) 40
  RESOLVEDEP (21) 48
  SECUREADDR (22) 22
  SECURITYLEVEL (23) 46
  SERVER (24) 49
  STRING (25) 16 56
  TCPADDR (26) 21
  TIMEZONE (27) 23
  TYPE (28) 42
  WORD (29) 6 17 19 20 21 22 23 24 41 42 44 45 46 47 48 49 50 51 52 54 58
  "." (30) 20
  "@" (31) 53

--------- State ---------

state 0


  $default      reduce using rule 1 (statements)

  statements    go to state 1

state 1

   2) statements : statements _ statement

  $end          shift, and go to state 2
  CPUCLASS      shift, and go to state 4
  CPUNAME       shift, and go to state 5
  DOMAIN        shift, and go to state 6

  statement     go to state 3

state 2


  $end          shift, and go to state 7


state 3

   2) statements : statements statement _

  $default      reduce using rule 2 (statements)


state 4

   4) statement : CPUCLASS _ cpuclassstmt ENDSTMT

  WORD          shift, and go to state 9

  cpuclassstmt  go to state 8

state 5

   3) statement : CPUNAME _ cpudef ENDSTMT

  WORD          shift, and go to state 11

  cpudef        go to state 10

state 6

   5) statement : DOMAIN _ domainstmt ENDSTMT

  WORD          shift, and go to state 13

  domainstmt    go to state 12

state 7


  $default      accept


state 8

   4) statement : CPUCLASS cpuclassstmt _ ENDSTMT

  ENDSTMT       shift, and go to state 14


state 9

  50) cpuclassstmt : WORD _ MEMBERS wkstations

  MEMBERS       shift, and go to state 15


state 10

   3) statement : CPUNAME cpudef _ ENDSTMT

  ENDSTMT       shift, and go to state 16


state 11

   6) cpudef : WORD _ cpuoptions maestro

  DESCRIPTION   shift, and go to state 27
  DOMAIN        shift, and go to state 29
  NODE          shift, and go to state 25
  OS            shift, and go to state 26
  SECUREADDR    shift, and go to state 17
  TCPADDR       shift, and go to state 22
  TIMEZONE      shift, and go to state 23

  tcpaddr       go to state 18
  secureaddr    go to state 19
  timezone      go to state 20
  domain        go to state 21
  cpuoptions    go to state 24
  cpuoption     go to state 28
  cpudesc       go to state 30
  os            go to state 31
  node          go to state 32

state 12

   5) statement : DOMAIN domainstmt _ ENDSTMT

  ENDSTMT       shift, and go to state 33


state 13

  54) domainstmt : WORD _ domdesc MANAGER WORD parent

  DESCRIPTION   shift, and go to state 34
  $default      reduce using rule 55 (domdesc)

  domdesc       go to state 35

state 14

   4) statement : CPUCLASS cpuclassstmt ENDSTMT _

  $default      reduce using rule 4 (statement)


state 15

  50) cpuclassstmt : WORD MEMBERS _ wkstations

  WORD          shift, and go to state 37
  "@"           shift, and go to state 38

  wkstations    go to state 36

state 16

   3) statement : CPUNAME cpudef ENDSTMT _

  $default      reduce using rule 3 (statement)


state 17

  22) secureaddr : SECUREADDR _ WORD

  WORD          shift, and go to state 39


state 18

  12) cpuoption : tcpaddr _

  $default      reduce using rule 12 (cpuoption)


state 19

  13) cpuoption : secureaddr _

  $default      reduce using rule 13 (cpuoption)


state 20

  14) cpuoption : timezone _

  $default      reduce using rule 14 (cpuoption)


state 21

  15) cpuoption : domain _

  $default      reduce using rule 15 (cpuoption)


state 22

  21) tcpaddr : TCPADDR _ WORD

  WORD          shift, and go to state 40


state 23

  23) timezone : TIMEZONE _ WORD

  WORD          shift, and go to state 41


state 24

   6) cpudef : WORD cpuoptions _ maestro
   8) cpuoptions : cpuoptions _ cpuoption

  DESCRIPTION   shift, and go to state 27
  DOMAIN        shift, and go to state 29
  FOR           shift, and go to state 44
  NODE          shift, and go to state 25
  OS            shift, and go to state 26
  SECUREADDR    shift, and go to state 17
  TCPADDR       shift, and go to state 22
  TIMEZONE      shift, and go to state 23
  $default      reduce using rule 25 (maestro)

  tcpaddr       go to state 18
  secureaddr    go to state 19
  timezone      go to state 20
  domain        go to state 21
  maestro       go to state 42
  cpuoption     go to state 43
  cpudesc       go to state 30
  os            go to state 31
  node          go to state 32

state 25

  18) node : NODE _ hostname

  WORD          shift, and go to state 46

  hostname      go to state 45

state 26

  17) os : OS _ WORD

  WORD          shift, and go to state 47


state 27

  16) cpudesc : DESCRIPTION _ STRING

  STRING        shift, and go to state 48


state 28

   7) cpuoptions : cpuoption _

  $default      reduce using rule 7 (cpuoptions)


state 29

  24) domain : DOMAIN _ WORD

  WORD          shift, and go to state 49


state 30

   9) cpuoption : cpudesc _

  $default      reduce using rule 9 (cpuoption)


state 31

  10) cpuoption : os _

  $default      reduce using rule 10 (cpuoption)


state 32

  11) cpuoption : node _

  $default      reduce using rule 11 (cpuoption)


state 33

   5) statement : DOMAIN domainstmt ENDSTMT _

  $default      reduce using rule 5 (statement)


state 34

  56) domdesc : DESCRIPTION _ STRING

  STRING        shift, and go to state 50


state 35

  54) domainstmt : WORD domdesc _ MANAGER WORD parent

  MANAGER       shift, and go to state 51


state 36

  50) cpuclassstmt : WORD MEMBERS wkstations _
  52) wkstations : wkstations _ WORD

  WORD          shift, and go to state 52
  $default      reduce using rule 50 (cpuclassstmt)


state 37

  51) wkstations : WORD _

  $default      reduce using rule 51 (wkstations)


state 38

  53) wkstations : "@" _

  $default      reduce using rule 53 (wkstations)


state 39

  22) secureaddr : SECUREADDR WORD _

  $default      reduce using rule 22 (secureaddr)


state 40

  21) tcpaddr : TCPADDR WORD _

  $default      reduce using rule 21 (tcpaddr)


state 41

  23) timezone : TIMEZONE WORD _

  $default      reduce using rule 23 (timezone)


state 42

   6) cpudef : WORD cpuoptions maestro _

  $default      reduce using rule 6 (cpudef)


state 43

   8) cpuoptions : cpuoptions cpuoption _

  $default      reduce using rule 8 (cpuoptions)


state 44

  26) maestro : FOR _ MAESTRO maestroopts

  MAESTRO       shift, and go to state 53


state 45

  18) node : NODE hostname _
  20) hostname : hostname _ "." WORD

  "."           shift, and go to state 54
  $default      reduce using rule 18 (node)


state 46

  19) hostname : WORD _

  $default      reduce using rule 19 (hostname)


state 47

  17) os : OS WORD _

  $default      reduce using rule 17 (os)


state 48

  16) cpudesc : DESCRIPTION STRING _

  $default      reduce using rule 16 (cpudesc)


state 49

  24) domain : DOMAIN WORD _

  $default      reduce using rule 24 (domain)


state 50

  56) domdesc : DESCRIPTION STRING _

  $default      reduce using rule 56 (domdesc)


state 51

  54) domainstmt : WORD domdesc MANAGER _ WORD parent

  WORD          shift, and go to state 55


state 52

  52) wkstations : wkstations WORD _

  $default      reduce using rule 52 (wkstations)


state 53

  26) maestro : FOR MAESTRO _ maestroopts

  $default      reduce using rule 27 (maestroopts)

  maestroopts   go to state 56

state 54

  20) hostname : hostname "." _ WORD

  WORD          shift, and go to state 57


state 55

  54) domainstmt : WORD domdesc MANAGER WORD _ parent

  PARENT        shift, and go to state 58
  $default      reduce using rule 57 (parent)

  parent        go to state 59

state 56

  26) maestro : FOR MAESTRO maestroopts _
  28) maestroopts : maestroopts _ maestroopt

  AUTOLINK      shift, and go to state 68
  BEHINDFIREWALL  shift, and go to state 70
  FULLSTATUS    shift, and go to state 60
  HOST          shift, and go to state 63
  IGNORE        shift, and go to state 66
  RESOLVEDEP    shift, and go to state 77
  SECURITYLEVEL  shift, and go to state 62
  SERVER        shift, and go to state 65
  TYPE          shift, and go to state 72
  $default      reduce using rule 26 (maestro)

  behindfirewall  go to state 61
  securitylevel  go to state 64
  fullstatus    go to state 67
  resolvedep    go to state 69
  server        go to state 71
  maestroopt    go to state 73
  host          go to state 74
  type          go to state 75
  ignore        go to state 76
  autolink      go to state 78

state 57

  20) hostname : hostname "." WORD _

  $default      reduce using rule 20 (hostname)


state 58

  58) parent : PARENT _ WORD

  WORD          shift, and go to state 79


state 59

  54) domainstmt : WORD domdesc MANAGER WORD parent _

  $default      reduce using rule 54 (domainstmt)


state 60

  47) fullstatus : FULLSTATUS _ WORD

  WORD          shift, and go to state 80


state 61

  33) maestroopt : behindfirewall _

  $default      reduce using rule 33 (maestroopt)


state 62

  46) securitylevel : SECURITYLEVEL _ WORD

  WORD          shift, and go to state 81


state 63

  38) host : HOST _ hostname access

  WORD          shift, and go to state 46

  hostname      go to state 82

state 64

  34) maestroopt : securitylevel _

  $default      reduce using rule 34 (maestroopt)


state 65

  49) server : SERVER _ WORD

  WORD          shift, and go to state 83


state 66

  43) ignore : IGNORE _

  $default      reduce using rule 43 (ignore)


state 67

  35) maestroopt : fullstatus _

  $default      reduce using rule 35 (maestroopt)


state 68

  44) autolink : AUTOLINK _ WORD

  WORD          shift, and go to state 84


state 69

  36) maestroopt : resolvedep _

  $default      reduce using rule 36 (maestroopt)


state 70

  45) behindfirewall : BEHINDFIREWALL _ WORD

  WORD          shift, and go to state 85


state 71

  37) maestroopt : server _

  $default      reduce using rule 37 (maestroopt)


state 72

  42) type : TYPE _ WORD

  WORD          shift, and go to state 86


state 73

  28) maestroopts : maestroopts maestroopt _

  $default      reduce using rule 28 (maestroopts)


state 74

  29) maestroopt : host _

  $default      reduce using rule 29 (maestroopt)


state 75

  30) maestroopt : type _

  $default      reduce using rule 30 (maestroopt)


state 76

  31) maestroopt : ignore _

  $default      reduce using rule 31 (maestroopt)


state 77

  48) resolvedep : RESOLVEDEP _ WORD

  WORD          shift, and go to state 87


state 78

  32) maestroopt : autolink _

  $default      reduce using rule 32 (maestroopt)


state 79

  58) parent : PARENT WORD _

  $default      reduce using rule 58 (parent)


state 80

  47) fullstatus : FULLSTATUS WORD _

  $default      reduce using rule 47 (fullstatus)


state 81

  46) securitylevel : SECURITYLEVEL WORD _

  $default      reduce using rule 46 (securitylevel)


state 82

  20) hostname : hostname _ "." WORD
  38) host : HOST hostname _ access

  ACCESS        shift, and go to state 88
  "."           shift, and go to state 54
  $default      reduce using rule 39 (access)

  access        go to state 89

state 83

  49) server : SERVER WORD _

  $default      reduce using rule 49 (server)


state 84

  44) autolink : AUTOLINK WORD _

  $default      reduce using rule 44 (autolink)


state 85

  45) behindfirewall : BEHINDFIREWALL WORD _

  $default      reduce using rule 45 (behindfirewall)


state 86

  42) type : TYPE WORD _

  $default      reduce using rule 42 (type)


state 87

  48) resolvedep : RESOLVEDEP WORD _

  $default      reduce using rule 48 (resolvedep)


state 88

  40) access : ACCESS _ PATH
  41) access : ACCESS _ WORD

  PATH          shift, and go to state 91
  WORD          shift, and go to state 90


state 89

  38) host : HOST hostname access _

  $default      reduce using rule 38 (host)


state 90

  41) access : ACCESS WORD _

  $default      reduce using rule 41 (access)


state 91

  40) access : ACCESS PATH _

  $default      reduce using rule 40 (access)

